{"/Users/glennwedin/Desktop/projects/pensjon-etterlatte/apps/selvbetjening-ui/src/App.tsx": {"path":"/Users/glennwedin/Desktop/projects/pensjon-etterlatte/apps/selvbetjening-ui/src/App.tsx","statementMap":{"0":{"start":{"line":11,"column":12},"end":{"line":38,"column":1}},"1":{"start":{"line":12,"column":4},"end":{"line":12,"column":25}},"2":{"start":{"line":13,"column":26},"end":{"line":13,"column":44}},"3":{"start":{"line":14,"column":4},"end":{"line":14,"column":19}},"4":{"start":{"line":16,"column":4},"end":{"line":37,"column":6}}},"fnMap":{"0":{"name":"(anonymous_0)","decl":{"start":{"line":11,"column":12},"end":{"line":11,"column":13}},"loc":{"start":{"line":11,"column":18},"end":{"line":38,"column":1}},"line":11}},"branchMap":{"0":{"loc":{"start":{"line":30,"column":17},"end":{"line":34,"column":17}},"type":"binary-expr","locations":[{"start":{"line":30,"column":17},"end":{"line":30,"column":44}},{"start":{"line":31,"column":20},"end":{"line":33,"column":26}}],"line":30}},"s":{"0":0,"1":0,"2":0,"3":0,"4":0},"f":{"0":0},"b":{"0":[0,0]}}
,"/Users/glennwedin/Desktop/projects/pensjon-etterlatte/apps/selvbetjening-ui/src/api.ts": {"path":"/Users/glennwedin/Desktop/projects/pensjon-etterlatte/apps/selvbetjening-ui/src/api.ts","statementMap":{"0":{"start":{"line":5,"column":14},"end":{"line":5,"column":52}},"1":{"start":{"line":7,"column":12},"end":{"line":10,"column":2}},"2":{"start":{"line":12,"column":0},"end":{"line":17,"column":3}},"3":{"start":{"line":14,"column":41},"end":{"line":14,"column":72}},"4":{"start":{"line":16,"column":31},"end":{"line":16,"column":61}},"5":{"start":{"line":22,"column":35},"end":{"line":29,"column":1}},"6":{"start":{"line":23,"column":4},"end":{"line":28,"column":5}},"7":{"start":{"line":24,"column":25},"end":{"line":24,"column":59}},"8":{"start":{"line":25,"column":8},"end":{"line":25,"column":29}},"9":{"start":{"line":27,"column":8},"end":{"line":27,"column":47}},"10":{"start":{"line":34,"column":27},"end":{"line":46,"column":1}},"11":{"start":{"line":35,"column":4},"end":{"line":45,"column":5}},"12":{"start":{"line":36,"column":25},"end":{"line":36,"column":52}},"13":{"start":{"line":37,"column":24},"end":{"line":37,"column":46}},"14":{"start":{"line":38,"column":8},"end":{"line":39,"column":30}},"15":{"start":{"line":38,"column":21},"end":{"line":38,"column":48}},"16":{"start":{"line":39,"column":13},"end":{"line":39,"column":30}},"17":{"start":{"line":41,"column":8},"end":{"line":43,"column":9}},"18":{"start":{"line":42,"column":12},"end":{"line":42,"column":29}},"19":{"start":{"line":44,"column":8},"end":{"line":44,"column":47}},"20":{"start":{"line":48,"column":28},"end":{"line":55,"column":1}},"21":{"start":{"line":49,"column":4},"end":{"line":54,"column":5}},"22":{"start":{"line":50,"column":25},"end":{"line":50,"column":55}},"23":{"start":{"line":51,"column":8},"end":{"line":51,"column":29}},"24":{"start":{"line":53,"column":8},"end":{"line":53,"column":47}},"25":{"start":{"line":62,"column":28},"end":{"line":74,"column":1}},"26":{"start":{"line":63,"column":27},"end":{"line":66,"column":5}},"27":{"start":{"line":68,"column":4},"end":{"line":73,"column":5}},"28":{"start":{"line":69,"column":25},"end":{"line":69,"column":59}},"29":{"start":{"line":70,"column":8},"end":{"line":70,"column":29}},"30":{"start":{"line":72,"column":8},"end":{"line":72,"column":47}},"31":{"start":{"line":79,"column":27},"end":{"line":86,"column":1}},"32":{"start":{"line":80,"column":4},"end":{"line":85,"column":5}},"33":{"start":{"line":81,"column":25},"end":{"line":81,"column":64}},"34":{"start":{"line":82,"column":8},"end":{"line":82,"column":29}},"35":{"start":{"line":84,"column":8},"end":{"line":84,"column":47}}},"fnMap":{"0":{"name":"(anonymous_0)","decl":{"start":{"line":14,"column":16},"end":{"line":14,"column":17}},"loc":{"start":{"line":14,"column":41},"end":{"line":14,"column":72}},"line":14},"1":{"name":"(anonymous_1)","decl":{"start":{"line":16,"column":20},"end":{"line":16,"column":21}},"loc":{"start":{"line":16,"column":31},"end":{"line":16,"column":61}},"line":16},"2":{"name":"(anonymous_2)","decl":{"start":{"line":22,"column":35},"end":{"line":22,"column":36}},"loc":{"start":{"line":22,"column":47},"end":{"line":29,"column":1}},"line":22},"3":{"name":"(anonymous_3)","decl":{"start":{"line":34,"column":27},"end":{"line":34,"column":28}},"loc":{"start":{"line":34,"column":39},"end":{"line":46,"column":1}},"line":34},"4":{"name":"(anonymous_4)","decl":{"start":{"line":48,"column":28},"end":{"line":48,"column":29}},"loc":{"start":{"line":48,"column":40},"end":{"line":55,"column":1}},"line":48},"5":{"name":"(anonymous_5)","decl":{"start":{"line":62,"column":28},"end":{"line":62,"column":29}},"loc":{"start":{"line":62,"column":57},"end":{"line":74,"column":1}},"line":62},"6":{"name":"(anonymous_6)","decl":{"start":{"line":79,"column":27},"end":{"line":79,"column":28}},"loc":{"start":{"line":79,"column":51},"end":{"line":86,"column":1}},"line":79}},"branchMap":{"0":{"loc":{"start":{"line":9,"column":13},"end":{"line":9,"column":57}},"type":"cond-expr","locations":[{"start":{"line":9,"column":21},"end":{"line":9,"column":48}},{"start":{"line":9,"column":51},"end":{"line":9,"column":57}}],"line":9},"1":{"loc":{"start":{"line":14,"column":41},"end":{"line":14,"column":72}},"type":"cond-expr","locations":[{"start":{"line":14,"column":49},"end":{"line":14,"column":52}},{"start":{"line":14,"column":55},"end":{"line":14,"column":72}}],"line":14},"2":{"loc":{"start":{"line":38,"column":8},"end":{"line":39,"column":30}},"type":"if","locations":[{"start":{"line":38,"column":8},"end":{"line":39,"column":30}},{"start":{"line":38,"column":8},"end":{"line":39,"column":30}}],"line":38},"3":{"loc":{"start":{"line":41,"column":8},"end":{"line":43,"column":9}},"type":"if","locations":[{"start":{"line":41,"column":8},"end":{"line":43,"column":9}},{"start":{"line":41,"column":8},"end":{"line":43,"column":9}}],"line":41}},"s":{"0":1,"1":1,"2":1,"3":0,"4":0,"5":1,"6":0,"7":0,"8":0,"9":0,"10":1,"11":0,"12":0,"13":0,"14":0,"15":0,"16":0,"17":0,"18":0,"19":0,"20":1,"21":0,"22":0,"23":0,"24":0,"25":1,"26":0,"27":0,"28":0,"29":0,"30":0,"31":1,"32":0,"33":0,"34":0,"35":0},"f":{"0":0,"1":0,"2":0,"3":0,"4":0,"5":0,"6":0},"b":{"0":[0,1],"1":[0,0],"2":[0,0],"3":[0,0]},"_coverageSchema":"1a1c01bbd47fc00a2c39e90264f33305004495a9","hash":"33c073f2a5ae7d7cec31b8144a655ea5b82489a3"}
,"/Users/glennwedin/Desktop/projects/pensjon-etterlatte/apps/selvbetjening-ui/src/i18n.ts": {"path":"/Users/glennwedin/Desktop/projects/pensjon-etterlatte/apps/selvbetjening-ui/src/i18n.ts","statementMap":{"0":{"start":{"line":7,"column":0},"end":{"line":30,"column":7}}},"fnMap":{},"branchMap":{},"s":{"0":3},"f":{},"b":{},"_coverageSchema":"1a1c01bbd47fc00a2c39e90264f33305004495a9","hash":"1052cf34e01c36a53551e6aa6f38242d8b593095"}
,"/Users/glennwedin/Desktop/projects/pensjon-etterlatte/apps/selvbetjening-ui/src/index.tsx": {"path":"/Users/glennwedin/Desktop/projects/pensjon-etterlatte/apps/selvbetjening-ui/src/index.tsx","statementMap":{"0":{"start":{"line":11,"column":20},"end":{"line":19,"column":1}},"1":{"start":{"line":12,"column":25},"end":{"line":12,"column":38}},"2":{"start":{"line":14,"column":4},"end":{"line":16,"column":19}},"3":{"start":{"line":15,"column":8},"end":{"line":15,"column":30}},"4":{"start":{"line":18,"column":4},"end":{"line":18,"column":16}},"5":{"start":{"line":21,"column":0},"end":{"line":33,"column":2}},"6":{"start":{"line":38,"column":0},"end":{"line":38,"column":18}},"7":{"start":{"line":43,"column":0},"end":{"line":43,"column":27}}},"fnMap":{"0":{"name":"(anonymous_0)","decl":{"start":{"line":11,"column":20},"end":{"line":11,"column":21}},"loc":{"start":{"line":11,"column":26},"end":{"line":19,"column":1}},"line":11},"1":{"name":"(anonymous_1)","decl":{"start":{"line":14,"column":14},"end":{"line":14,"column":15}},"loc":{"start":{"line":14,"column":20},"end":{"line":16,"column":5}},"line":14}},"branchMap":{},"s":{"0":0,"1":0,"2":0,"3":0,"4":0,"5":0,"6":0,"7":0},"f":{"0":0,"1":0},"b":{}}
,"/Users/glennwedin/Desktop/projects/pensjon-etterlatte/apps/selvbetjening-ui/src/reportWebVitals.ts": {"path":"/Users/glennwedin/Desktop/projects/pensjon-etterlatte/apps/selvbetjening-ui/src/reportWebVitals.ts","statementMap":{"0":{"start":{"line":3,"column":24},"end":{"line":13,"column":1}},"1":{"start":{"line":4,"column":4},"end":{"line":12,"column":5}},"2":{"start":{"line":5,"column":8},"end":{"line":11,"column":11}},"3":{"start":{"line":6,"column":12},"end":{"line":6,"column":32}},"4":{"start":{"line":7,"column":12},"end":{"line":7,"column":32}},"5":{"start":{"line":8,"column":12},"end":{"line":8,"column":32}},"6":{"start":{"line":9,"column":12},"end":{"line":9,"column":32}},"7":{"start":{"line":10,"column":12},"end":{"line":10,"column":33}}},"fnMap":{"0":{"name":"(anonymous_0)","decl":{"start":{"line":3,"column":24},"end":{"line":3,"column":25}},"loc":{"start":{"line":3,"column":57},"end":{"line":13,"column":1}},"line":3},"1":{"name":"(anonymous_1)","decl":{"start":{"line":5,"column":34},"end":{"line":5,"column":35}},"loc":{"start":{"line":5,"column":83},"end":{"line":11,"column":9}},"line":5}},"branchMap":{"0":{"loc":{"start":{"line":4,"column":4},"end":{"line":12,"column":5}},"type":"if","locations":[{"start":{"line":4,"column":4},"end":{"line":12,"column":5}},{"start":{"line":4,"column":4},"end":{"line":12,"column":5}}],"line":4},"1":{"loc":{"start":{"line":4,"column":8},"end":{"line":4,"column":54}},"type":"binary-expr","locations":[{"start":{"line":4,"column":8},"end":{"line":4,"column":19}},{"start":{"line":4,"column":23},"end":{"line":4,"column":54}}],"line":4}},"s":{"0":0,"1":0,"2":0,"3":0,"4":0,"5":0,"6":0,"7":0},"f":{"0":0,"1":0},"b":{"0":[0,0],"1":[0,0]}}
,"/Users/glennwedin/Desktop/projects/pensjon-etterlatte/apps/selvbetjening-ui/src/serviceWorker.js": {"path":"/Users/glennwedin/Desktop/projects/pensjon-etterlatte/apps/selvbetjening-ui/src/serviceWorker.js","statementMap":{"0":{"start":{"line":13,"column":20},"end":{"line":19,"column":1}},"1":{"start":{"line":22,"column":4},"end":{"line":52,"column":5}},"2":{"start":{"line":24,"column":26},"end":{"line":24,"column":79}},"3":{"start":{"line":25,"column":8},"end":{"line":30,"column":9}},"4":{"start":{"line":29,"column":12},"end":{"line":29,"column":19}},"5":{"start":{"line":32,"column":8},"end":{"line":51,"column":11}},"6":{"start":{"line":33,"column":26},"end":{"line":33,"column":71}},"7":{"start":{"line":35,"column":12},"end":{"line":50,"column":13}},"8":{"start":{"line":37,"column":16},"end":{"line":37,"column":55}},"9":{"start":{"line":41,"column":16},"end":{"line":46,"column":19}},"10":{"start":{"line":42,"column":20},"end":{"line":45,"column":22}},"11":{"start":{"line":49,"column":16},"end":{"line":49,"column":47}},"12":{"start":{"line":56,"column":4},"end":{"line":96,"column":11}},"13":{"start":{"line":59,"column":12},"end":{"line":92,"column":14}},"14":{"start":{"line":60,"column":41},"end":{"line":60,"column":64}},"15":{"start":{"line":61,"column":16},"end":{"line":63,"column":17}},"16":{"start":{"line":62,"column":20},"end":{"line":62,"column":27}},"17":{"start":{"line":64,"column":16},"end":{"line":91,"column":18}},"18":{"start":{"line":65,"column":20},"end":{"line":90,"column":21}},"19":{"start":{"line":66,"column":24},"end":{"line":89,"column":25}},"20":{"start":{"line":70,"column":28},"end":{"line":73,"column":30}},"21":{"start":{"line":76,"column":28},"end":{"line":78,"column":29}},"22":{"start":{"line":77,"column":32},"end":{"line":77,"column":62}},"23":{"start":{"line":83,"column":28},"end":{"line":83,"column":78}},"24":{"start":{"line":86,"column":28},"end":{"line":88,"column":29}},"25":{"start":{"line":87,"column":32},"end":{"line":87,"column":63}},"26":{"start":{"line":95,"column":12},"end":{"line":95,"column":78}},"27":{"start":{"line":101,"column":4},"end":{"line":119,"column":11}},"28":{"start":{"line":104,"column":32},"end":{"line":104,"column":68}},"29":{"start":{"line":105,"column":12},"end":{"line":115,"column":13}},"30":{"start":{"line":107,"column":16},"end":{"line":111,"column":19}},"31":{"start":{"line":108,"column":20},"end":{"line":110,"column":23}},"32":{"start":{"line":109,"column":24},"end":{"line":109,"column":49}},"33":{"start":{"line":114,"column":16},"end":{"line":114,"column":47}},"34":{"start":{"line":118,"column":12},"end":{"line":118,"column":89}},"35":{"start":{"line":123,"column":4},"end":{"line":127,"column":5}},"36":{"start":{"line":124,"column":8},"end":{"line":126,"column":11}},"37":{"start":{"line":125,"column":12},"end":{"line":125,"column":38}}},"fnMap":{"0":{"name":"register","decl":{"start":{"line":21,"column":16},"end":{"line":21,"column":24}},"loc":{"start":{"line":21,"column":33},"end":{"line":53,"column":1}},"line":21},"1":{"name":"(anonymous_1)","decl":{"start":{"line":32,"column":40},"end":{"line":32,"column":41}},"loc":{"start":{"line":32,"column":46},"end":{"line":51,"column":9}},"line":32},"2":{"name":"(anonymous_2)","decl":{"start":{"line":41,"column":51},"end":{"line":41,"column":52}},"loc":{"start":{"line":41,"column":57},"end":{"line":46,"column":17}},"line":41},"3":{"name":"registerValidSW","decl":{"start":{"line":55,"column":9},"end":{"line":55,"column":24}},"loc":{"start":{"line":55,"column":40},"end":{"line":97,"column":1}},"line":55},"4":{"name":"(anonymous_4)","decl":{"start":{"line":58,"column":14},"end":{"line":58,"column":15}},"loc":{"start":{"line":58,"column":32},"end":{"line":93,"column":9}},"line":58},"5":{"name":"(anonymous_5)","decl":{"start":{"line":59,"column":41},"end":{"line":59,"column":42}},"loc":{"start":{"line":59,"column":47},"end":{"line":92,"column":13}},"line":59},"6":{"name":"(anonymous_6)","decl":{"start":{"line":64,"column":49},"end":{"line":64,"column":50}},"loc":{"start":{"line":64,"column":55},"end":{"line":91,"column":17}},"line":64},"7":{"name":"(anonymous_7)","decl":{"start":{"line":94,"column":15},"end":{"line":94,"column":16}},"loc":{"start":{"line":94,"column":26},"end":{"line":96,"column":9}},"line":94},"8":{"name":"checkValidServiceWorker","decl":{"start":{"line":99,"column":9},"end":{"line":99,"column":32}},"loc":{"start":{"line":99,"column":48},"end":{"line":120,"column":1}},"line":99},"9":{"name":"(anonymous_9)","decl":{"start":{"line":102,"column":14},"end":{"line":102,"column":15}},"loc":{"start":{"line":102,"column":28},"end":{"line":116,"column":9}},"line":102},"10":{"name":"(anonymous_10)","decl":{"start":{"line":107,"column":51},"end":{"line":107,"column":52}},"loc":{"start":{"line":107,"column":69},"end":{"line":111,"column":17}},"line":107},"11":{"name":"(anonymous_11)","decl":{"start":{"line":108,"column":51},"end":{"line":108,"column":52}},"loc":{"start":{"line":108,"column":57},"end":{"line":110,"column":21}},"line":108},"12":{"name":"(anonymous_12)","decl":{"start":{"line":117,"column":15},"end":{"line":117,"column":16}},"loc":{"start":{"line":117,"column":21},"end":{"line":119,"column":9}},"line":117},"13":{"name":"unregister","decl":{"start":{"line":122,"column":16},"end":{"line":122,"column":26}},"loc":{"start":{"line":122,"column":29},"end":{"line":128,"column":1}},"line":122},"14":{"name":"(anonymous_14)","decl":{"start":{"line":124,"column":43},"end":{"line":124,"column":44}},"loc":{"start":{"line":124,"column":61},"end":{"line":126,"column":9}},"line":124}},"branchMap":{"0":{"loc":{"start":{"line":14,"column":4},"end":{"line":18,"column":96}},"type":"binary-expr","locations":[{"start":{"line":14,"column":4},"end":{"line":14,"column":44}},{"start":{"line":16,"column":8},"end":{"line":16,"column":44}},{"start":{"line":18,"column":8},"end":{"line":18,"column":96}}],"line":14},"1":{"loc":{"start":{"line":22,"column":4},"end":{"line":52,"column":5}},"type":"if","locations":[{"start":{"line":22,"column":4},"end":{"line":52,"column":5}},{"start":{"line":22,"column":4},"end":{"line":52,"column":5}}],"line":22},"2":{"loc":{"start":{"line":22,"column":8},"end":{"line":22,"column":77}},"type":"binary-expr","locations":[{"start":{"line":22,"column":8},"end":{"line":22,"column":45}},{"start":{"line":22,"column":49},"end":{"line":22,"column":77}}],"line":22},"3":{"loc":{"start":{"line":25,"column":8},"end":{"line":30,"column":9}},"type":"if","locations":[{"start":{"line":25,"column":8},"end":{"line":30,"column":9}},{"start":{"line":25,"column":8},"end":{"line":30,"column":9}}],"line":25},"4":{"loc":{"start":{"line":35,"column":12},"end":{"line":50,"column":13}},"type":"if","locations":[{"start":{"line":35,"column":12},"end":{"line":50,"column":13}},{"start":{"line":35,"column":12},"end":{"line":50,"column":13}}],"line":35},"5":{"loc":{"start":{"line":61,"column":16},"end":{"line":63,"column":17}},"type":"if","locations":[{"start":{"line":61,"column":16},"end":{"line":63,"column":17}},{"start":{"line":61,"column":16},"end":{"line":63,"column":17}}],"line":61},"6":{"loc":{"start":{"line":65,"column":20},"end":{"line":90,"column":21}},"type":"if","locations":[{"start":{"line":65,"column":20},"end":{"line":90,"column":21}},{"start":{"line":65,"column":20},"end":{"line":90,"column":21}}],"line":65},"7":{"loc":{"start":{"line":66,"column":24},"end":{"line":89,"column":25}},"type":"if","locations":[{"start":{"line":66,"column":24},"end":{"line":89,"column":25}},{"start":{"line":66,"column":24},"end":{"line":89,"column":25}}],"line":66},"8":{"loc":{"start":{"line":76,"column":28},"end":{"line":78,"column":29}},"type":"if","locations":[{"start":{"line":76,"column":28},"end":{"line":78,"column":29}},{"start":{"line":76,"column":28},"end":{"line":78,"column":29}}],"line":76},"9":{"loc":{"start":{"line":76,"column":32},"end":{"line":76,"column":57}},"type":"binary-expr","locations":[{"start":{"line":76,"column":32},"end":{"line":76,"column":38}},{"start":{"line":76,"column":42},"end":{"line":76,"column":57}}],"line":76},"10":{"loc":{"start":{"line":86,"column":28},"end":{"line":88,"column":29}},"type":"if","locations":[{"start":{"line":86,"column":28},"end":{"line":88,"column":29}},{"start":{"line":86,"column":28},"end":{"line":88,"column":29}}],"line":86},"11":{"loc":{"start":{"line":86,"column":32},"end":{"line":86,"column":58}},"type":"binary-expr","locations":[{"start":{"line":86,"column":32},"end":{"line":86,"column":38}},{"start":{"line":86,"column":42},"end":{"line":86,"column":58}}],"line":86},"12":{"loc":{"start":{"line":105,"column":12},"end":{"line":115,"column":13}},"type":"if","locations":[{"start":{"line":105,"column":12},"end":{"line":115,"column":13}},{"start":{"line":105,"column":12},"end":{"line":115,"column":13}}],"line":105},"13":{"loc":{"start":{"line":105,"column":16},"end":{"line":105,"column":108}},"type":"binary-expr","locations":[{"start":{"line":105,"column":16},"end":{"line":105,"column":39}},{"start":{"line":105,"column":44},"end":{"line":105,"column":63}},{"start":{"line":105,"column":67},"end":{"line":105,"column":107}}],"line":105},"14":{"loc":{"start":{"line":123,"column":4},"end":{"line":127,"column":5}},"type":"if","locations":[{"start":{"line":123,"column":4},"end":{"line":127,"column":5}},{"start":{"line":123,"column":4},"end":{"line":127,"column":5}}],"line":123}},"s":{"0":0,"1":0,"2":0,"3":0,"4":0,"5":0,"6":0,"7":0,"8":0,"9":0,"10":0,"11":0,"12":0,"13":0,"14":0,"15":0,"16":0,"17":0,"18":0,"19":0,"20":0,"21":0,"22":0,"23":0,"24":0,"25":0,"26":0,"27":0,"28":0,"29":0,"30":0,"31":0,"32":0,"33":0,"34":0,"35":0,"36":0,"37":0},"f":{"0":0,"1":0,"2":0,"3":0,"4":0,"5":0,"6":0,"7":0,"8":0,"9":0,"10":0,"11":0,"12":0,"13":0,"14":0},"b":{"0":[0,0,0],"1":[0,0],"2":[0,0],"3":[0,0],"4":[0,0],"5":[0,0],"6":[0,0],"7":[0,0],"8":[0,0],"9":[0,0],"10":[0,0],"11":[0,0],"12":[0,0],"13":[0,0,0],"14":[0,0]}}
,"/Users/glennwedin/Desktop/projects/pensjon-etterlatte/apps/selvbetjening-ui/src/components/SideIkkeFunnet.tsx": {"path":"/Users/glennwedin/Desktop/projects/pensjon-etterlatte/apps/selvbetjening-ui/src/components/SideIkkeFunnet.tsx","statementMap":{"0":{"start":{"line":4,"column":23},"end":{"line":14,"column":1}},"1":{"start":{"line":5,"column":18},"end":{"line":5,"column":34}},"2":{"start":{"line":6,"column":4},"end":{"line":13,"column":6}}},"fnMap":{"0":{"name":"(anonymous_0)","decl":{"start":{"line":4,"column":23},"end":{"line":4,"column":24}},"loc":{"start":{"line":4,"column":29},"end":{"line":14,"column":1}},"line":4}},"branchMap":{},"s":{"0":0,"1":0,"2":0},"f":{"0":0},"b":{}}
,"/Users/glennwedin/Desktop/projects/pensjon-etterlatte/apps/selvbetjening-ui/src/components/UgyldigSoeker.tsx": {"path":"/Users/glennwedin/Desktop/projects/pensjon-etterlatte/apps/selvbetjening-ui/src/components/UgyldigSoeker.tsx","statementMap":{"0":{"start":{"line":12,"column":22},"end":{"line":83,"column":1}},"1":{"start":{"line":13,"column":20},"end":{"line":13,"column":32}},"2":{"start":{"line":14,"column":18},"end":{"line":14,"column":34}},"3":{"start":{"line":16,"column":32},"end":{"line":16,"column":50}},"4":{"start":{"line":18,"column":4},"end":{"line":22,"column":24}},"5":{"start":{"line":19,"column":8},"end":{"line":21,"column":9}},"6":{"start":{"line":20,"column":12},"end":{"line":20,"column":30}},"7":{"start":{"line":24,"column":27},"end":{"line":24,"column":50}},"8":{"start":{"line":26,"column":21},"end":{"line":28,"column":54}},"9":{"start":{"line":30,"column":20},"end":{"line":34,"column":5}},"10":{"start":{"line":31,"column":8},"end":{"line":31,"column":53}},"11":{"start":{"line":33,"column":8},"end":{"line":33,"column":127}},"12":{"start":{"line":36,"column":4},"end":{"line":82,"column":6}}},"fnMap":{"0":{"name":"(anonymous_0)","decl":{"start":{"line":12,"column":22},"end":{"line":12,"column":23}},"loc":{"start":{"line":12,"column":28},"end":{"line":83,"column":1}},"line":12},"1":{"name":"(anonymous_1)","decl":{"start":{"line":18,"column":14},"end":{"line":18,"column":15}},"loc":{"start":{"line":18,"column":20},"end":{"line":22,"column":5}},"line":18},"2":{"name":"(anonymous_2)","decl":{"start":{"line":30,"column":20},"end":{"line":30,"column":21}},"loc":{"start":{"line":30,"column":26},"end":{"line":34,"column":5}},"line":30}},"branchMap":{"0":{"loc":{"start":{"line":19,"column":8},"end":{"line":21,"column":9}},"type":"if","locations":[{"start":{"line":19,"column":8},"end":{"line":21,"column":9}},{"start":{"line":19,"column":8},"end":{"line":21,"column":9}}],"line":19},"1":{"loc":{"start":{"line":26,"column":21},"end":{"line":28,"column":54}},"type":"cond-expr","locations":[{"start":{"line":27,"column":10},"end":{"line":27,"column":71}},{"start":{"line":28,"column":10},"end":{"line":28,"column":54}}],"line":26},"2":{"loc":{"start":{"line":39,"column":17},"end":{"line":47,"column":17}},"type":"cond-expr","locations":[{"start":{"line":40,"column":20},"end":{"line":42,"column":31}},{"start":{"line":44,"column":20},"end":{"line":46,"column":31}}],"line":39},"3":{"loc":{"start":{"line":51,"column":17},"end":{"line":59,"column":17}},"type":"cond-expr","locations":[{"start":{"line":52,"column":20},"end":{"line":54,"column":31}},{"start":{"line":56,"column":20},"end":{"line":58,"column":31}}],"line":51},"4":{"loc":{"start":{"line":64,"column":21},"end":{"line":72,"column":21}},"type":"cond-expr","locations":[{"start":{"line":65,"column":24},"end":{"line":67,"column":31}},{"start":{"line":69,"column":24},"end":{"line":71,"column":31}}],"line":64}},"s":{"0":0,"1":0,"2":0,"3":0,"4":0,"5":0,"6":0,"7":0,"8":0,"9":0,"10":0,"11":0,"12":0},"f":{"0":0,"1":0,"2":0},"b":{"0":[0,0],"1":[0,0],"2":[0,0],"3":[0,0],"4":[0,0]}}
,"/Users/glennwedin/Desktop/projects/pensjon-etterlatte/apps/selvbetjening-ui/src/components/dev/Admin.tsx": {"path":"/Users/glennwedin/Desktop/projects/pensjon-etterlatte/apps/selvbetjening-ui/src/components/dev/Admin.tsx","statementMap":{"0":{"start":{"line":7,"column":14},"end":{"line":65,"column":1}},"1":{"start":{"line":8,"column":20},"end":{"line":8,"column":32}},"2":{"start":{"line":10,"column":25},"end":{"line":10,"column":43}},"3":{"start":{"line":12,"column":30},"end":{"line":18,"column":6}},"4":{"start":{"line":20,"column":24},"end":{"line":28,"column":5}},"5":{"start":{"line":21,"column":8},"end":{"line":21,"column":59}},"6":{"start":{"line":23,"column":8},"end":{"line":23,"column":43}},"7":{"start":{"line":25,"column":8},"end":{"line":27,"column":16}},"8":{"start":{"line":26,"column":12},"end":{"line":26,"column":53}},"9":{"start":{"line":30,"column":25},"end":{"line":38,"column":5}},"10":{"start":{"line":31,"column":8},"end":{"line":31,"column":58}},"11":{"start":{"line":33,"column":8},"end":{"line":33,"column":42}},"12":{"start":{"line":35,"column":8},"end":{"line":37,"column":16}},"13":{"start":{"line":36,"column":12},"end":{"line":36,"column":47}},"14":{"start":{"line":40,"column":4},"end":{"line":64,"column":5}}},"fnMap":{"0":{"name":"(anonymous_0)","decl":{"start":{"line":7,"column":14},"end":{"line":7,"column":15}},"loc":{"start":{"line":7,"column":20},"end":{"line":65,"column":1}},"line":7},"1":{"name":"(anonymous_1)","decl":{"start":{"line":20,"column":24},"end":{"line":20,"column":25}},"loc":{"start":{"line":20,"column":30},"end":{"line":28,"column":5}},"line":20},"2":{"name":"(anonymous_2)","decl":{"start":{"line":25,"column":19},"end":{"line":25,"column":20}},"loc":{"start":{"line":25,"column":25},"end":{"line":27,"column":9}},"line":25},"3":{"name":"(anonymous_3)","decl":{"start":{"line":30,"column":25},"end":{"line":30,"column":26}},"loc":{"start":{"line":30,"column":31},"end":{"line":38,"column":5}},"line":30},"4":{"name":"(anonymous_4)","decl":{"start":{"line":35,"column":19},"end":{"line":35,"column":20}},"loc":{"start":{"line":35,"column":25},"end":{"line":37,"column":9}},"line":35}},"branchMap":{"0":{"loc":{"start":{"line":52,"column":13},"end":{"line":56,"column":13}},"type":"binary-expr","locations":[{"start":{"line":52,"column":13},"end":{"line":52,"column":25}},{"start":{"line":53,"column":16},"end":{"line":55,"column":24}}],"line":52},"1":{"loc":{"start":{"line":58,"column":13},"end":{"line":62,"column":13}},"type":"binary-expr","locations":[{"start":{"line":58,"column":13},"end":{"line":58,"column":24}},{"start":{"line":59,"column":16},"end":{"line":61,"column":24}}],"line":58}},"s":{"0":0,"1":0,"2":0,"3":0,"4":0,"5":0,"6":0,"7":0,"8":0,"9":0,"10":0,"11":0,"12":0,"13":0,"14":0},"f":{"0":0,"1":0,"2":0,"3":0,"4":0},"b":{"0":[0,0],"1":[0,0]}}
,"/Users/glennwedin/Desktop/projects/pensjon-etterlatte/apps/selvbetjening-ui/src/components/felles/Banner.tsx": {"path":"/Users/glennwedin/Desktop/projects/pensjon-etterlatte/apps/selvbetjening-ui/src/components/felles/Banner.tsx","statementMap":{"0":{"start":{"line":4,"column":20},"end":{"line":13,"column":1}},"1":{"start":{"line":15,"column":15},"end":{"line":21,"column":1}},"2":{"start":{"line":16,"column":4},"end":{"line":20,"column":6}}},"fnMap":{"0":{"name":"(anonymous_0)","decl":{"start":{"line":15,"column":15},"end":{"line":15,"column":16}},"loc":{"start":{"line":15,"column":49},"end":{"line":21,"column":1}},"line":15}},"branchMap":{},"s":{"0":1,"1":1,"2":1},"f":{"0":1},"b":{},"_coverageSchema":"1a1c01bbd47fc00a2c39e90264f33305004495a9","hash":"0dd2a7442e6e013704de611f4dfec4ad7c46a1f8"}
,"/Users/glennwedin/Desktop/projects/pensjon-etterlatte/apps/selvbetjening-ui/src/components/felles/Datovelger.tsx": {"path":"/Users/glennwedin/Desktop/projects/pensjon-etterlatte/apps/selvbetjening-ui/src/components/felles/Datovelger.tsx","statementMap":{"0":{"start":{"line":24,"column":18},"end":{"line":28,"column":1}},"1":{"start":{"line":25,"column":4},"end":{"line":27,"column":21}},"2":{"start":{"line":25,"column":15},"end":{"line":25,"column":22}},"3":{"start":{"line":26,"column":9},"end":{"line":27,"column":21}},"4":{"start":{"line":26,"column":39},"end":{"line":26,"column":61}},"5":{"start":{"line":27,"column":9},"end":{"line":27,"column":21}},"6":{"start":{"line":33,"column":19},"end":{"line":88,"column":1}},"7":{"start":{"line":34,"column":24},"end":{"line":34,"column":40}},"8":{"start":{"line":35,"column":47},"end":{"line":35,"column":63}},"9":{"start":{"line":37,"column":4},"end":{"line":37,"column":29}},"10":{"start":{"line":38,"column":4},"end":{"line":38,"column":29}},"11":{"start":{"line":39,"column":4},"end":{"line":39,"column":29}},"12":{"start":{"line":41,"column":4},"end":{"line":43,"column":24}},"13":{"start":{"line":42,"column":8},"end":{"line":42,"column":40}},"14":{"start":{"line":45,"column":30},"end":{"line":45,"column":47}},"15":{"start":{"line":46,"column":24},"end":{"line":46,"column":45}},"16":{"start":{"line":48,"column":25},"end":{"line":51,"column":5}},"17":{"start":{"line":53,"column":4},"end":{"line":87,"column":6}},"18":{"start":{"line":70,"column":24},"end":{"line":80,"column":26}}},"fnMap":{"0":{"name":"(anonymous_0)","decl":{"start":{"line":24,"column":18},"end":{"line":24,"column":19}},"loc":{"start":{"line":24,"column":44},"end":{"line":28,"column":1}},"line":24},"1":{"name":"(anonymous_1)","decl":{"start":{"line":33,"column":19},"end":{"line":33,"column":20}},"loc":{"start":{"line":33,"column":108},"end":{"line":88,"column":1}},"line":33},"2":{"name":"(anonymous_2)","decl":{"start":{"line":41,"column":14},"end":{"line":41,"column":15}},"loc":{"start":{"line":41,"column":20},"end":{"line":43,"column":5}},"line":41},"3":{"name":"(anonymous_3)","decl":{"start":{"line":69,"column":28},"end":{"line":69,"column":29}},"loc":{"start":{"line":70,"column":24},"end":{"line":80,"column":26}},"line":70}},"branchMap":{"0":{"loc":{"start":{"line":25,"column":4},"end":{"line":27,"column":21}},"type":"if","locations":[{"start":{"line":25,"column":4},"end":{"line":27,"column":21}},{"start":{"line":25,"column":4},"end":{"line":27,"column":21}}],"line":25},"1":{"loc":{"start":{"line":26,"column":9},"end":{"line":27,"column":21}},"type":"if","locations":[{"start":{"line":26,"column":9},"end":{"line":27,"column":21}},{"start":{"line":26,"column":9},"end":{"line":27,"column":21}}],"line":26},"2":{"loc":{"start":{"line":50,"column":8},"end":{"line":50,"column":54}},"type":"binary-expr","locations":[{"start":{"line":50,"column":8},"end":{"line":50,"column":19}},{"start":{"line":50,"column":23},"end":{"line":50,"column":54}}],"line":50},"3":{"loc":{"start":{"line":58,"column":17},"end":{"line":62,"column":17}},"type":"binary-expr","locations":[{"start":{"line":58,"column":17},"end":{"line":58,"column":28}},{"start":{"line":59,"column":20},"end":{"line":61,"column":26}}],"line":58},"4":{"loc":{"start":{"line":84,"column":17},"end":{"line":84,"column":98}},"type":"binary-expr","locations":[{"start":{"line":84,"column":17},"end":{"line":84,"column":28}},{"start":{"line":84,"column":32},"end":{"line":84,"column":98}}],"line":84}},"s":{"0":0,"1":0,"2":0,"3":0,"4":0,"5":0,"6":0,"7":0,"8":0,"9":0,"10":0,"11":0,"12":0,"13":0,"14":0,"15":0,"16":0,"17":0,"18":0},"f":{"0":0,"1":0,"2":0,"3":0},"b":{"0":[0,0],"1":[0,0],"2":[0,0],"3":[0,0],"4":[0,0]}}
,"/Users/glennwedin/Desktop/projects/pensjon-etterlatte/apps/selvbetjening-ui/src/components/felles/Feilmeldinger.tsx": {"path":"/Users/glennwedin/Desktop/projects/pensjon-etterlatte/apps/selvbetjening-ui/src/components/felles/Feilmeldinger.tsx","statementMap":{"0":{"start":{"line":13,"column":23},"end":{"line":19,"column":1}},"1":{"start":{"line":14,"column":4},"end":{"line":18,"column":7}},"2":{"start":{"line":15,"column":8},"end":{"line":15,"column":37}},"3":{"start":{"line":15,"column":20},"end":{"line":15,"column":37}},"4":{"start":{"line":16,"column":8},"end":{"line":17,"column":42}},"5":{"start":{"line":16,"column":75},"end":{"line":16,"column":88}},"6":{"start":{"line":17,"column":13},"end":{"line":17,"column":42}},"7":{"start":{"line":21,"column":38},"end":{"line":30,"column":1}},"8":{"start":{"line":22,"column":4},"end":{"line":29,"column":11}},"9":{"start":{"line":23,"column":27},"end":{"line":23,"column":34}},"10":{"start":{"line":25,"column":12},"end":{"line":28,"column":14}},"11":{"start":{"line":32,"column":22},"end":{"line":50,"column":1}},"12":{"start":{"line":33,"column":18},"end":{"line":33,"column":34}},"13":{"start":{"line":35,"column":4},"end":{"line":49,"column":6}},"14":{"start":{"line":41,"column":28},"end":{"line":43,"column":47}}},"fnMap":{"0":{"name":"(anonymous_0)","decl":{"start":{"line":13,"column":23},"end":{"line":13,"column":24}},"loc":{"start":{"line":13,"column":59},"end":{"line":19,"column":1}},"line":13},"1":{"name":"(anonymous_1)","decl":{"start":{"line":14,"column":38},"end":{"line":14,"column":39}},"loc":{"start":{"line":14,"column":55},"end":{"line":18,"column":5}},"line":14},"2":{"name":"(anonymous_2)","decl":{"start":{"line":21,"column":38},"end":{"line":21,"column":39}},"loc":{"start":{"line":21,"column":100},"end":{"line":30,"column":1}},"line":21},"3":{"name":"(anonymous_3)","decl":{"start":{"line":23,"column":16},"end":{"line":23,"column":17}},"loc":{"start":{"line":23,"column":27},"end":{"line":23,"column":34}},"line":23},"4":{"name":"(anonymous_4)","decl":{"start":{"line":24,"column":13},"end":{"line":24,"column":14}},"loc":{"start":{"line":24,"column":24},"end":{"line":29,"column":9}},"line":24},"5":{"name":"(anonymous_5)","decl":{"start":{"line":32,"column":22},"end":{"line":32,"column":23}},"loc":{"start":{"line":32,"column":63},"end":{"line":50,"column":1}},"line":32},"6":{"name":"(anonymous_6)","decl":{"start":{"line":40,"column":63},"end":{"line":40,"column":64}},"loc":{"start":{"line":41,"column":28},"end":{"line":43,"column":47}},"line":41}},"branchMap":{"0":{"loc":{"start":{"line":15,"column":8},"end":{"line":15,"column":37}},"type":"if","locations":[{"start":{"line":15,"column":8},"end":{"line":15,"column":37}},{"start":{"line":15,"column":8},"end":{"line":15,"column":37}}],"line":15},"1":{"loc":{"start":{"line":16,"column":8},"end":{"line":17,"column":42}},"type":"if","locations":[{"start":{"line":16,"column":8},"end":{"line":17,"column":42}},{"start":{"line":16,"column":8},"end":{"line":17,"column":42}}],"line":16},"2":{"loc":{"start":{"line":16,"column":12},"end":{"line":16,"column":73}},"type":"binary-expr","locations":[{"start":{"line":16,"column":12},"end":{"line":16,"column":39}},{"start":{"line":16,"column":43},"end":{"line":16,"column":73}}],"line":16},"3":{"loc":{"start":{"line":37,"column":13},"end":{"line":47,"column":13}},"type":"binary-expr","locations":[{"start":{"line":37,"column":13},"end":{"line":37,"column":41}},{"start":{"line":38,"column":16},"end":{"line":46,"column":31}}],"line":37}},"s":{"0":1,"1":9,"2":12,"3":0,"4":12,"5":7,"6":5,"7":1,"8":4,"9":7,"10":7,"11":1,"12":3,"13":3,"14":1},"f":{"0":9,"1":12,"2":4,"3":7,"4":7,"5":3,"6":1},"b":{"0":[0,12],"1":[7,5],"2":[12,7],"3":[3,3]},"_coverageSchema":"1a1c01bbd47fc00a2c39e90264f33305004495a9","hash":"e6613d1c132260ebe72670306d066ac1aa553481"}
,"/Users/glennwedin/Desktop/projects/pensjon-etterlatte/apps/selvbetjening-ui/src/components/felles/Hjelpetekst.tsx": {"path":"/Users/glennwedin/Desktop/projects/pensjon-etterlatte/apps/selvbetjening-ui/src/components/felles/Hjelpetekst.tsx","statementMap":{"0":{"start":{"line":7,"column":20},"end":{"line":39,"column":1}},"1":{"start":{"line":9,"column":28},"end":{"line":9,"column":43}},"2":{"start":{"line":11,"column":16},"end":{"line":11,"column":28}},"3":{"start":{"line":12,"column":15},"end":{"line":12,"column":21}},"4":{"start":{"line":14,"column":4},"end":{"line":38,"column":6}},"5":{"start":{"line":20,"column":31},"end":{"line":20,"column":45}},"6":{"start":{"line":33,"column":31},"end":{"line":33,"column":45}}},"fnMap":{"0":{"name":"(anonymous_0)","decl":{"start":{"line":7,"column":20},"end":{"line":7,"column":21}},"loc":{"start":{"line":8,"column":85},"end":{"line":39,"column":1}},"line":8},"1":{"name":"(anonymous_1)","decl":{"start":{"line":20,"column":25},"end":{"line":20,"column":26}},"loc":{"start":{"line":20,"column":31},"end":{"line":20,"column":45}},"line":20},"2":{"name":"(anonymous_2)","decl":{"start":{"line":33,"column":25},"end":{"line":33,"column":26}},"loc":{"start":{"line":33,"column":31},"end":{"line":33,"column":45}},"line":33}},"branchMap":{},"s":{"0":0,"1":0,"2":0,"3":0,"4":0,"5":0,"6":0},"f":{"0":0,"1":0,"2":0},"b":{}}
,"/Users/glennwedin/Desktop/projects/pensjon-etterlatte/apps/selvbetjening-ui/src/components/felles/HvorforSpoerVi.tsx": {"path":"/Users/glennwedin/Desktop/projects/pensjon-etterlatte/apps/selvbetjening-ui/src/components/felles/HvorforSpoerVi.tsx","statementMap":{"0":{"start":{"line":7,"column":27},"end":{"line":31,"column":1}},"1":{"start":{"line":9,"column":32},"end":{"line":9,"column":47}},"2":{"start":{"line":10,"column":18},"end":{"line":10,"column":34}},"3":{"start":{"line":12,"column":4},"end":{"line":30,"column":6}},"4":{"start":{"line":18,"column":31},"end":{"line":18,"column":49}}},"fnMap":{"0":{"name":"(anonymous_0)","decl":{"start":{"line":7,"column":27},"end":{"line":7,"column":28}},"loc":{"start":{"line":7,"column":45},"end":{"line":31,"column":1}},"line":7},"1":{"name":"(anonymous_1)","decl":{"start":{"line":18,"column":25},"end":{"line":18,"column":26}},"loc":{"start":{"line":18,"column":31},"end":{"line":18,"column":49}},"line":18}},"branchMap":{"0":{"loc":{"start":{"line":21,"column":23},"end":{"line":21,"column":57}},"type":"cond-expr","locations":[{"start":{"line":21,"column":32},"end":{"line":21,"column":44}},{"start":{"line":21,"column":47},"end":{"line":21,"column":57}}],"line":21},"1":{"loc":{"start":{"line":24,"column":13},"end":{"line":28,"column":13}},"type":"binary-expr","locations":[{"start":{"line":24,"column":13},"end":{"line":24,"column":19}},{"start":{"line":25,"column":16},"end":{"line":27,"column":22}}],"line":24}},"s":{"0":1,"1":3,"2":3,"3":3,"4":1},"f":{"0":3,"1":1},"b":{"0":[1,2],"1":[3,1]},"_coverageSchema":"1a1c01bbd47fc00a2c39e90264f33305004495a9","hash":"c3e5a857c36a0d81e73c3758f29789fcd9d21c56"}
,"/Users/glennwedin/Desktop/projects/pensjon-etterlatte/apps/selvbetjening-ui/src/components/felles/LoaderOverlay.tsx": {"path":"/Users/glennwedin/Desktop/projects/pensjon-etterlatte/apps/selvbetjening-ui/src/components/felles/LoaderOverlay.tsx","statementMap":{"0":{"start":{"line":3,"column":22},"end":{"line":19,"column":1}},"1":{"start":{"line":7,"column":4},"end":{"line":7,"column":30}},"2":{"start":{"line":7,"column":18},"end":{"line":7,"column":30}},"3":{"start":{"line":9,"column":4},"end":{"line":18,"column":6}}},"fnMap":{"0":{"name":"(anonymous_0)","decl":{"start":{"line":3,"column":22},"end":{"line":3,"column":23}},"loc":{"start":{"line":6,"column":6},"end":{"line":19,"column":1}},"line":6}},"branchMap":{"0":{"loc":{"start":{"line":7,"column":4},"end":{"line":7,"column":30}},"type":"if","locations":[{"start":{"line":7,"column":4},"end":{"line":7,"column":30}},{"start":{"line":7,"column":4},"end":{"line":7,"column":30}}],"line":7}},"s":{"0":1,"1":2,"2":1,"3":1},"f":{"0":2},"b":{"0":[1,1]},"_coverageSchema":"1a1c01bbd47fc00a2c39e90264f33305004495a9","hash":"5cb8758386dec2943ae6e0d5e723d901662e8d4d"}
,"/Users/glennwedin/Desktop/projects/pensjon-etterlatte/apps/selvbetjening-ui/src/components/felles/Navigasjon.tsx": {"path":"/Users/glennwedin/Desktop/projects/pensjon-etterlatte/apps/selvbetjening-ui/src/components/felles/Navigasjon.tsx","statementMap":{"0":{"start":{"line":12,"column":0},"end":{"line":12,"column":31}},"1":{"start":{"line":19,"column":19},"end":{"line":119,"column":1}},"2":{"start":{"line":30,"column":24},"end":{"line":30,"column":40}},"3":{"start":{"line":34,"column":8},"end":{"line":34,"column":26}},"4":{"start":{"line":36,"column":41},"end":{"line":36,"column":59}},"5":{"start":{"line":38,"column":16},"end":{"line":44,"column":6}},"6":{"start":{"line":47,"column":4},"end":{"line":49,"column":5}},"7":{"start":{"line":48,"column":8},"end":{"line":48,"column":58}},"8":{"start":{"line":51,"column":32},"end":{"line":51,"column":47}},"9":{"start":{"line":53,"column":19},"end":{"line":58,"column":5}},"10":{"start":{"line":54,"column":8},"end":{"line":54,"column":60}},"11":{"start":{"line":55,"column":8},"end":{"line":55,"column":60}},"12":{"start":{"line":57,"column":8},"end":{"line":57,"column":52}},"13":{"start":{"line":60,"column":4},"end":{"line":118,"column":6}},"14":{"start":{"line":91,"column":77},"end":{"line":91,"column":92}},"15":{"start":{"line":98,"column":31},"end":{"line":98,"column":47}},"16":{"start":{"line":106,"column":78},"end":{"line":106,"column":94}}},"fnMap":{"0":{"name":"(anonymous_0)","decl":{"start":{"line":19,"column":19},"end":{"line":19,"column":20}},"loc":{"start":{"line":29,"column":6},"end":{"line":119,"column":1}},"line":29},"1":{"name":"(anonymous_1)","decl":{"start":{"line":53,"column":19},"end":{"line":53,"column":20}},"loc":{"start":{"line":53,"column":25},"end":{"line":58,"column":5}},"line":53},"2":{"name":"(anonymous_2)","decl":{"start":{"line":91,"column":71},"end":{"line":91,"column":72}},"loc":{"start":{"line":91,"column":77},"end":{"line":91,"column":92}},"line":91},"3":{"name":"(anonymous_3)","decl":{"start":{"line":98,"column":25},"end":{"line":98,"column":26}},"loc":{"start":{"line":98,"column":31},"end":{"line":98,"column":47}},"line":98},"4":{"name":"(anonymous_4)","decl":{"start":{"line":106,"column":72},"end":{"line":106,"column":73}},"loc":{"start":{"line":106,"column":78},"end":{"line":106,"column":94}},"line":106}},"branchMap":{"0":{"loc":{"start":{"line":47,"column":4},"end":{"line":49,"column":5}},"type":"if","locations":[{"start":{"line":47,"column":4},"end":{"line":49,"column":5}},{"start":{"line":47,"column":4},"end":{"line":49,"column":5}}],"line":47},"1":{"loc":{"start":{"line":47,"column":8},"end":{"line":47,"column":50}},"type":"binary-expr","locations":[{"start":{"line":47,"column":8},"end":{"line":47,"column":24}},{"start":{"line":47,"column":28},"end":{"line":47,"column":50}}],"line":47},"2":{"loc":{"start":{"line":63,"column":61},"end":{"line":63,"column":83}},"type":"binary-expr","locations":[{"start":{"line":63,"column":61},"end":{"line":63,"column":69}},{"start":{"line":63,"column":73},"end":{"line":63,"column":83}}],"line":63},"3":{"loc":{"start":{"line":64,"column":21},"end":{"line":68,"column":21}},"type":"binary-expr","locations":[{"start":{"line":64,"column":21},"end":{"line":64,"column":30}},{"start":{"line":65,"column":24},"end":{"line":67,"column":33}}],"line":64},"4":{"loc":{"start":{"line":66,"column":29},"end":{"line":66,"column":64}},"type":"binary-expr","locations":[{"start":{"line":66,"column":29},"end":{"line":66,"column":42}},{"start":{"line":66,"column":46},"end":{"line":66,"column":64}}],"line":66},"5":{"loc":{"start":{"line":70,"column":21},"end":{"line":74,"column":21}},"type":"binary-expr","locations":[{"start":{"line":70,"column":21},"end":{"line":70,"column":28}},{"start":{"line":71,"column":24},"end":{"line":73,"column":33}}],"line":70},"6":{"loc":{"start":{"line":72,"column":29},"end":{"line":72,"column":60}},"type":"binary-expr","locations":[{"start":{"line":72,"column":29},"end":{"line":72,"column":40}},{"start":{"line":72,"column":44},"end":{"line":72,"column":60}}],"line":72},"7":{"loc":{"start":{"line":76,"column":21},"end":{"line":80,"column":21}},"type":"binary-expr","locations":[{"start":{"line":76,"column":21},"end":{"line":76,"column":27}},{"start":{"line":77,"column":24},"end":{"line":79,"column":33}}],"line":76},"8":{"loc":{"start":{"line":78,"column":29},"end":{"line":78,"column":65}},"type":"binary-expr","locations":[{"start":{"line":78,"column":29},"end":{"line":78,"column":39}},{"start":{"line":78,"column":43},"end":{"line":78,"column":65}}],"line":78},"9":{"loc":{"start":{"line":78,"column":68},"end":{"line":78,"column":90}},"type":"binary-expr","locations":[{"start":{"line":78,"column":68},"end":{"line":78,"column":76}},{"start":{"line":78,"column":80},"end":{"line":78,"column":90}}],"line":78},"10":{"loc":{"start":{"line":83,"column":17},"end":{"line":87,"column":17}},"type":"binary-expr","locations":[{"start":{"line":83,"column":17},"end":{"line":83,"column":29}},{"start":{"line":84,"column":20},"end":{"line":86,"column":32}}],"line":83},"11":{"loc":{"start":{"line":90,"column":66},"end":{"line":90,"column":88}},"type":"binary-expr","locations":[{"start":{"line":90,"column":66},"end":{"line":90,"column":74}},{"start":{"line":90,"column":78},"end":{"line":90,"column":88}}],"line":90}},"s":{"0":0,"1":0,"2":0,"3":0,"4":0,"5":0,"6":0,"7":0,"8":0,"9":0,"10":0,"11":0,"12":0,"13":0,"14":0,"15":0,"16":0},"f":{"0":0,"1":0,"2":0,"3":0,"4":0},"b":{"0":[0,0],"1":[0,0],"2":[0,0],"3":[0,0],"4":[0,0],"5":[0,0],"6":[0,0],"7":[0,0],"8":[0,0],"9":[0,0],"10":[0,0],"11":[0,0]}}
,"/Users/glennwedin/Desktop/projects/pensjon-etterlatte/apps/selvbetjening-ui/src/components/felles/RHFCheckboksPanelGruppe.tsx": {"path":"/Users/glennwedin/Desktop/projects/pensjon-etterlatte/apps/selvbetjening-ui/src/components/felles/RHFCheckboksPanelGruppe.tsx","statementMap":{"0":{"start":{"line":8,"column":21},"end":{"line":12,"column":1}},"1":{"start":{"line":9,"column":4},"end":{"line":11,"column":42}},"2":{"start":{"line":10,"column":33},"end":{"line":10,"column":54}},"3":{"start":{"line":19,"column":39},"end":{"line":53,"column":1}},"4":{"start":{"line":20,"column":18},"end":{"line":20,"column":34}},"5":{"start":{"line":22,"column":47},"end":{"line":22,"column":63}},"6":{"start":{"line":24,"column":30},"end":{"line":24,"column":47}},"7":{"start":{"line":25,"column":24},"end":{"line":25,"column":45}},"8":{"start":{"line":27,"column":4},"end":{"line":52,"column":5}},"9":{"start":{"line":33,"column":16},"end":{"line":49,"column":33}},"10":{"start":{"line":39,"column":24},"end":{"line":47,"column":26}},"11":{"start":{"line":44,"column":45},"end":{"line":46,"column":29}},"12":{"start":{"line":61,"column":33},"end":{"line":87,"column":1}},"13":{"start":{"line":62,"column":24},"end":{"line":62,"column":40}},"14":{"start":{"line":64,"column":4},"end":{"line":86,"column":5}},"15":{"start":{"line":70,"column":16},"end":{"line":83,"column":33}},"16":{"start":{"line":79,"column":41},"end":{"line":81,"column":25}},"17":{"start":{"line":94,"column":34},"end":{"line":127,"column":1}},"18":{"start":{"line":95,"column":18},"end":{"line":95,"column":34}},"19":{"start":{"line":97,"column":47},"end":{"line":97,"column":63}},"20":{"start":{"line":99,"column":30},"end":{"line":99,"column":47}},"21":{"start":{"line":100,"column":24},"end":{"line":100,"column":45}},"22":{"start":{"line":102,"column":4},"end":{"line":126,"column":5}},"23":{"start":{"line":108,"column":16},"end":{"line":123,"column":33}},"24":{"start":{"line":113,"column":24},"end":{"line":121,"column":26}},"25":{"start":{"line":118,"column":45},"end":{"line":120,"column":29}}},"fnMap":{"0":{"name":"(anonymous_0)","decl":{"start":{"line":8,"column":21},"end":{"line":8,"column":22}},"loc":{"start":{"line":8,"column":57},"end":{"line":12,"column":1}},"line":8},"1":{"name":"(anonymous_1)","decl":{"start":{"line":10,"column":24},"end":{"line":10,"column":25}},"loc":{"start":{"line":10,"column":33},"end":{"line":10,"column":54}},"line":10},"2":{"name":"(anonymous_2)","decl":{"start":{"line":19,"column":39},"end":{"line":19,"column":40}},"loc":{"start":{"line":19,"column":104},"end":{"line":53,"column":1}},"line":19},"3":{"name":"(anonymous_3)","decl":{"start":{"line":32,"column":20},"end":{"line":32,"column":21}},"loc":{"start":{"line":33,"column":16},"end":{"line":49,"column":33}},"line":33},"4":{"name":"(anonymous_4)","decl":{"start":{"line":38,"column":36},"end":{"line":38,"column":37}},"loc":{"start":{"line":39,"column":24},"end":{"line":47,"column":26}},"line":39},"5":{"name":"(anonymous_5)","decl":{"start":{"line":44,"column":38},"end":{"line":44,"column":39}},"loc":{"start":{"line":44,"column":45},"end":{"line":46,"column":29}},"line":44},"6":{"name":"(anonymous_6)","decl":{"start":{"line":61,"column":33},"end":{"line":61,"column":34}},"loc":{"start":{"line":61,"column":99},"end":{"line":87,"column":1}},"line":61},"7":{"name":"(anonymous_7)","decl":{"start":{"line":69,"column":20},"end":{"line":69,"column":21}},"loc":{"start":{"line":70,"column":16},"end":{"line":83,"column":33}},"line":70},"8":{"name":"(anonymous_8)","decl":{"start":{"line":79,"column":34},"end":{"line":79,"column":35}},"loc":{"start":{"line":79,"column":41},"end":{"line":81,"column":25}},"line":79},"9":{"name":"(anonymous_9)","decl":{"start":{"line":94,"column":34},"end":{"line":94,"column":35}},"loc":{"start":{"line":94,"column":94},"end":{"line":127,"column":1}},"line":94},"10":{"name":"(anonymous_10)","decl":{"start":{"line":107,"column":20},"end":{"line":107,"column":21}},"loc":{"start":{"line":108,"column":16},"end":{"line":123,"column":33}},"line":108},"11":{"name":"(anonymous_11)","decl":{"start":{"line":112,"column":36},"end":{"line":112,"column":37}},"loc":{"start":{"line":113,"column":24},"end":{"line":121,"column":26}},"line":113},"12":{"name":"(anonymous_12)","decl":{"start":{"line":118,"column":38},"end":{"line":118,"column":39}},"loc":{"start":{"line":118,"column":45},"end":{"line":120,"column":29}},"line":118}},"branchMap":{"0":{"loc":{"start":{"line":9,"column":11},"end":{"line":11,"column":41}},"type":"cond-expr","locations":[{"start":{"line":10,"column":10},"end":{"line":10,"column":55}},{"start":{"line":11,"column":10},"end":{"line":11,"column":41}}],"line":9},"1":{"loc":{"start":{"line":11,"column":15},"end":{"line":11,"column":26}},"type":"binary-expr","locations":[{"start":{"line":11,"column":15},"end":{"line":11,"column":20}},{"start":{"line":11,"column":24},"end":{"line":11,"column":26}}],"line":11},"2":{"loc":{"start":{"line":78,"column":33},"end":{"line":78,"column":75}},"type":"binary-expr","locations":[{"start":{"line":78,"column":33},"end":{"line":78,"column":66}},{"start":{"line":78,"column":70},"end":{"line":78,"column":75}}],"line":78}},"s":{"0":0,"1":0,"2":0,"3":0,"4":0,"5":0,"6":0,"7":0,"8":0,"9":0,"10":0,"11":0,"12":0,"13":0,"14":0,"15":0,"16":0,"17":0,"18":0,"19":0,"20":0,"21":0,"22":0,"23":0,"24":0,"25":0},"f":{"0":0,"1":0,"2":0,"3":0,"4":0,"5":0,"6":0,"7":0,"8":0,"9":0,"10":0,"11":0,"12":0},"b":{"0":[0,0],"1":[0,0],"2":[0,0]}}
,"/Users/glennwedin/Desktop/projects/pensjon-etterlatte/apps/selvbetjening-ui/src/components/felles/RHFInput.tsx": {"path":"/Users/glennwedin/Desktop/projects/pensjon-etterlatte/apps/selvbetjening-ui/src/components/felles/RHFInput.tsx","statementMap":{"0":{"start":{"line":26,"column":24},"end":{"line":49,"column":1}},"1":{"start":{"line":27,"column":18},"end":{"line":27,"column":34}},"2":{"start":{"line":31,"column":8},"end":{"line":31,"column":24}},"3":{"start":{"line":33,"column":30},"end":{"line":33,"column":47}},"4":{"start":{"line":35,"column":24},"end":{"line":35,"column":45}},"5":{"start":{"line":37,"column":4},"end":{"line":48,"column":6}},"6":{"start":{"line":43,"column":16},"end":{"line":45,"column":22}},"7":{"start":{"line":51,"column":14},"end":{"line":63,"column":1}},"8":{"start":{"line":52,"column":18},"end":{"line":52,"column":38}},"9":{"start":{"line":54,"column":4},"end":{"line":60,"column":5}},"10":{"start":{"line":55,"column":21},"end":{"line":55,"column":29}},"11":{"start":{"line":56,"column":21},"end":{"line":56,"column":62}},"12":{"start":{"line":57,"column":21},"end":{"line":57,"column":62}},"13":{"start":{"line":59,"column":8},"end":{"line":59,"column":39}},"14":{"start":{"line":62,"column":4},"end":{"line":62,"column":21}},"15":{"start":{"line":65,"column":15},"end":{"line":71,"column":1}},"16":{"start":{"line":66,"column":18},"end":{"line":66,"column":32}},"17":{"start":{"line":68,"column":19},"end":{"line":68,"column":51}},"18":{"start":{"line":70,"column":4},"end":{"line":70,"column":58}},"19":{"start":{"line":73,"column":35},"end":{"line":99,"column":1}},"20":{"start":{"line":74,"column":18},"end":{"line":74,"column":34}},"21":{"start":{"line":78,"column":8},"end":{"line":78,"column":24}},"22":{"start":{"line":80,"column":30},"end":{"line":80,"column":47}},"23":{"start":{"line":81,"column":24},"end":{"line":81,"column":45}},"24":{"start":{"line":83,"column":4},"end":{"line":98,"column":6}},"25":{"start":{"line":89,"column":16},"end":{"line":95,"column":18}},"26":{"start":{"line":92,"column":68},"end":{"line":92,"column":115}},"27":{"start":{"line":101,"column":30},"end":{"line":121,"column":1}},"28":{"start":{"line":102,"column":18},"end":{"line":102,"column":34}},"29":{"start":{"line":106,"column":8},"end":{"line":106,"column":24}},"30":{"start":{"line":108,"column":30},"end":{"line":108,"column":47}},"31":{"start":{"line":109,"column":24},"end":{"line":109,"column":45}},"32":{"start":{"line":111,"column":4},"end":{"line":120,"column":6}},"33":{"start":{"line":117,"column":16},"end":{"line":117,"column":104}},"34":{"start":{"line":123,"column":31},"end":{"line":156,"column":1}},"35":{"start":{"line":124,"column":18},"end":{"line":124,"column":34}},"36":{"start":{"line":128,"column":8},"end":{"line":128,"column":24}},"37":{"start":{"line":130,"column":30},"end":{"line":130,"column":47}},"38":{"start":{"line":131,"column":24},"end":{"line":131,"column":45}},"39":{"start":{"line":132,"column":22},"end":{"line":132,"column":23}},"40":{"start":{"line":134,"column":20},"end":{"line":136,"column":5}},"41":{"start":{"line":135,"column":8},"end":{"line":135,"column":139}},"42":{"start":{"line":138,"column":4},"end":{"line":155,"column":6}},"43":{"start":{"line":144,"column":16},"end":{"line":152,"column":18}},"44":{"start":{"line":148,"column":24},"end":{"line":148,"column":51}},"45":{"start":{"line":148,"column":40},"end":{"line":148,"column":51}},"46":{"start":{"line":158,"column":31},"end":{"line":184,"column":1}},"47":{"start":{"line":159,"column":18},"end":{"line":159,"column":34}},"48":{"start":{"line":163,"column":8},"end":{"line":163,"column":24}},"49":{"start":{"line":165,"column":30},"end":{"line":165,"column":47}},"50":{"start":{"line":166,"column":24},"end":{"line":166,"column":45}},"51":{"start":{"line":168,"column":4},"end":{"line":183,"column":6}},"52":{"start":{"line":174,"column":16},"end":{"line":180,"column":18}},"53":{"start":{"line":177,"column":68},"end":{"line":177,"column":112}},"54":{"start":{"line":186,"column":38},"end":{"line":221,"column":1}},"55":{"start":{"line":187,"column":18},"end":{"line":187,"column":34}},"56":{"start":{"line":191,"column":8},"end":{"line":191,"column":24}},"57":{"start":{"line":193,"column":30},"end":{"line":193,"column":47}},"58":{"start":{"line":195,"column":24},"end":{"line":195,"column":45}},"59":{"start":{"line":197,"column":20},"end":{"line":201,"column":5}},"60":{"start":{"line":198,"column":22},"end":{"line":198,"column":36}},"61":{"start":{"line":200,"column":8},"end":{"line":200,"column":59}},"62":{"start":{"line":203,"column":4},"end":{"line":220,"column":6}},"63":{"start":{"line":207,"column":58},"end":{"line":207,"column":87}},"64":{"start":{"line":209,"column":16},"end":{"line":217,"column":18}},"65":{"start":{"line":213,"column":24},"end":{"line":213,"column":52}},"66":{"start":{"line":213,"column":40},"end":{"line":213,"column":52}},"67":{"start":{"line":223,"column":28},"end":{"line":249,"column":1}},"68":{"start":{"line":224,"column":18},"end":{"line":224,"column":34}},"69":{"start":{"line":228,"column":8},"end":{"line":228,"column":24}},"70":{"start":{"line":230,"column":30},"end":{"line":230,"column":47}},"71":{"start":{"line":231,"column":24},"end":{"line":231,"column":45}},"72":{"start":{"line":233,"column":4},"end":{"line":248,"column":6}},"73":{"start":{"line":237,"column":58},"end":{"line":237,"column":76}},"74":{"start":{"line":239,"column":16},"end":{"line":245,"column":18}},"75":{"start":{"line":242,"column":68},"end":{"line":242,"column":106}},"76":{"start":{"line":251,"column":27},"end":{"line":277,"column":1}},"77":{"start":{"line":252,"column":18},"end":{"line":252,"column":34}},"78":{"start":{"line":256,"column":8},"end":{"line":256,"column":24}},"79":{"start":{"line":258,"column":30},"end":{"line":258,"column":47}},"80":{"start":{"line":259,"column":24},"end":{"line":259,"column":45}},"81":{"start":{"line":261,"column":4},"end":{"line":276,"column":6}},"82":{"start":{"line":265,"column":58},"end":{"line":265,"column":75}},"83":{"start":{"line":267,"column":16},"end":{"line":273,"column":18}},"84":{"start":{"line":270,"column":68},"end":{"line":270,"column":106}},"85":{"start":{"line":279,"column":30},"end":{"line":312,"column":1}},"86":{"start":{"line":280,"column":18},"end":{"line":280,"column":34}},"87":{"start":{"line":284,"column":8},"end":{"line":284,"column":24}},"88":{"start":{"line":286,"column":30},"end":{"line":286,"column":47}},"89":{"start":{"line":287,"column":24},"end":{"line":287,"column":45}},"90":{"start":{"line":289,"column":15},"end":{"line":289,"column":27}},"91":{"start":{"line":290,"column":20},"end":{"line":292,"column":5}},"92":{"start":{"line":291,"column":8},"end":{"line":291,"column":120}},"93":{"start":{"line":294,"column":4},"end":{"line":311,"column":6}},"94":{"start":{"line":300,"column":16},"end":{"line":308,"column":18}},"95":{"start":{"line":304,"column":24},"end":{"line":304,"column":51}},"96":{"start":{"line":304,"column":40},"end":{"line":304,"column":51}}},"fnMap":{"0":{"name":"(anonymous_0)","decl":{"start":{"line":26,"column":24},"end":{"line":26,"column":25}},"loc":{"start":{"line":26,"column":84},"end":{"line":49,"column":1}},"line":26},"1":{"name":"(anonymous_1)","decl":{"start":{"line":42,"column":20},"end":{"line":42,"column":21}},"loc":{"start":{"line":43,"column":16},"end":{"line":45,"column":22}},"line":43},"2":{"name":"(anonymous_2)","decl":{"start":{"line":51,"column":14},"end":{"line":51,"column":15}},"loc":{"start":{"line":51,"column":66},"end":{"line":63,"column":1}},"line":51},"3":{"name":"(anonymous_3)","decl":{"start":{"line":65,"column":15},"end":{"line":65,"column":16}},"loc":{"start":{"line":65,"column":95},"end":{"line":71,"column":1}},"line":65},"4":{"name":"(anonymous_4)","decl":{"start":{"line":73,"column":35},"end":{"line":73,"column":36}},"loc":{"start":{"line":73,"column":75},"end":{"line":99,"column":1}},"line":73},"5":{"name":"(anonymous_5)","decl":{"start":{"line":88,"column":20},"end":{"line":88,"column":21}},"loc":{"start":{"line":89,"column":16},"end":{"line":95,"column":18}},"line":89},"6":{"name":"(anonymous_6)","decl":{"start":{"line":92,"column":30},"end":{"line":92,"column":31}},"loc":{"start":{"line":92,"column":68},"end":{"line":92,"column":115}},"line":92},"7":{"name":"(anonymous_7)","decl":{"start":{"line":101,"column":30},"end":{"line":101,"column":31}},"loc":{"start":{"line":101,"column":72},"end":{"line":121,"column":1}},"line":101},"8":{"name":"(anonymous_8)","decl":{"start":{"line":116,"column":20},"end":{"line":116,"column":21}},"loc":{"start":{"line":117,"column":16},"end":{"line":117,"column":104}},"line":117},"9":{"name":"(anonymous_9)","decl":{"start":{"line":123,"column":31},"end":{"line":123,"column":32}},"loc":{"start":{"line":123,"column":71},"end":{"line":156,"column":1}},"line":123},"10":{"name":"(anonymous_10)","decl":{"start":{"line":134,"column":20},"end":{"line":134,"column":21}},"loc":{"start":{"line":134,"column":67},"end":{"line":136,"column":5}},"line":134},"11":{"name":"(anonymous_11)","decl":{"start":{"line":143,"column":20},"end":{"line":143,"column":21}},"loc":{"start":{"line":144,"column":16},"end":{"line":152,"column":18}},"line":144},"12":{"name":"(anonymous_12)","decl":{"start":{"line":147,"column":30},"end":{"line":147,"column":31}},"loc":{"start":{"line":147,"column":68},"end":{"line":149,"column":21}},"line":147},"13":{"name":"(anonymous_13)","decl":{"start":{"line":158,"column":31},"end":{"line":158,"column":32}},"loc":{"start":{"line":158,"column":71},"end":{"line":184,"column":1}},"line":158},"14":{"name":"(anonymous_14)","decl":{"start":{"line":173,"column":20},"end":{"line":173,"column":21}},"loc":{"start":{"line":174,"column":16},"end":{"line":180,"column":18}},"line":174},"15":{"name":"(anonymous_15)","decl":{"start":{"line":177,"column":30},"end":{"line":177,"column":31}},"loc":{"start":{"line":177,"column":68},"end":{"line":177,"column":112}},"line":177},"16":{"name":"(anonymous_16)","decl":{"start":{"line":186,"column":38},"end":{"line":186,"column":39}},"loc":{"start":{"line":186,"column":71},"end":{"line":221,"column":1}},"line":186},"17":{"name":"(anonymous_17)","decl":{"start":{"line":197,"column":20},"end":{"line":197,"column":21}},"loc":{"start":{"line":197,"column":58},"end":{"line":201,"column":5}},"line":197},"18":{"name":"(anonymous_18)","decl":{"start":{"line":207,"column":47},"end":{"line":207,"column":48}},"loc":{"start":{"line":207,"column":58},"end":{"line":207,"column":87}},"line":207},"19":{"name":"(anonymous_19)","decl":{"start":{"line":208,"column":20},"end":{"line":208,"column":21}},"loc":{"start":{"line":209,"column":16},"end":{"line":217,"column":18}},"line":209},"20":{"name":"(anonymous_20)","decl":{"start":{"line":212,"column":30},"end":{"line":212,"column":31}},"loc":{"start":{"line":212,"column":68},"end":{"line":214,"column":21}},"line":212},"21":{"name":"(anonymous_21)","decl":{"start":{"line":223,"column":28},"end":{"line":223,"column":29}},"loc":{"start":{"line":223,"column":61},"end":{"line":249,"column":1}},"line":223},"22":{"name":"(anonymous_22)","decl":{"start":{"line":237,"column":47},"end":{"line":237,"column":48}},"loc":{"start":{"line":237,"column":58},"end":{"line":237,"column":76}},"line":237},"23":{"name":"(anonymous_23)","decl":{"start":{"line":238,"column":20},"end":{"line":238,"column":21}},"loc":{"start":{"line":239,"column":16},"end":{"line":245,"column":18}},"line":239},"24":{"name":"(anonymous_24)","decl":{"start":{"line":242,"column":30},"end":{"line":242,"column":31}},"loc":{"start":{"line":242,"column":68},"end":{"line":242,"column":106}},"line":242},"25":{"name":"(anonymous_25)","decl":{"start":{"line":251,"column":27},"end":{"line":251,"column":28}},"loc":{"start":{"line":251,"column":60},"end":{"line":277,"column":1}},"line":251},"26":{"name":"(anonymous_26)","decl":{"start":{"line":265,"column":47},"end":{"line":265,"column":48}},"loc":{"start":{"line":265,"column":58},"end":{"line":265,"column":75}},"line":265},"27":{"name":"(anonymous_27)","decl":{"start":{"line":266,"column":20},"end":{"line":266,"column":21}},"loc":{"start":{"line":267,"column":16},"end":{"line":273,"column":18}},"line":267},"28":{"name":"(anonymous_28)","decl":{"start":{"line":270,"column":30},"end":{"line":270,"column":31}},"loc":{"start":{"line":270,"column":68},"end":{"line":270,"column":106}},"line":270},"29":{"name":"(anonymous_29)","decl":{"start":{"line":279,"column":30},"end":{"line":279,"column":31}},"loc":{"start":{"line":279,"column":85},"end":{"line":312,"column":1}},"line":279},"30":{"name":"(anonymous_30)","decl":{"start":{"line":290,"column":20},"end":{"line":290,"column":21}},"loc":{"start":{"line":290,"column":67},"end":{"line":292,"column":5}},"line":290},"31":{"name":"(anonymous_31)","decl":{"start":{"line":299,"column":20},"end":{"line":299,"column":21}},"loc":{"start":{"line":300,"column":16},"end":{"line":308,"column":18}},"line":300},"32":{"name":"(anonymous_32)","decl":{"start":{"line":303,"column":30},"end":{"line":303,"column":31}},"loc":{"start":{"line":303,"column":68},"end":{"line":305,"column":21}},"line":303}},"branchMap":{"0":{"loc":{"start":{"line":44,"column":44},"end":{"line":44,"column":55}},"type":"binary-expr","locations":[{"start":{"line":44,"column":44},"end":{"line":44,"column":49}},{"start":{"line":44,"column":53},"end":{"line":44,"column":55}}],"line":44},"1":{"loc":{"start":{"line":54,"column":4},"end":{"line":60,"column":5}},"type":"if","locations":[{"start":{"line":54,"column":4},"end":{"line":60,"column":5}},{"start":{"line":54,"column":4},"end":{"line":60,"column":5}}],"line":54},"2":{"loc":{"start":{"line":56,"column":21},"end":{"line":56,"column":62}},"type":"cond-expr","locations":[{"start":{"line":56,"column":32},"end":{"line":56,"column":57}},{"start":{"line":56,"column":60},"end":{"line":56,"column":62}}],"line":56},"3":{"loc":{"start":{"line":57,"column":21},"end":{"line":57,"column":62}},"type":"cond-expr","locations":[{"start":{"line":57,"column":32},"end":{"line":57,"column":57}},{"start":{"line":57,"column":60},"end":{"line":57,"column":62}}],"line":57},"4":{"loc":{"start":{"line":65,"column":67},"end":{"line":65,"column":82}},"type":"default-arg","locations":[{"start":{"line":65,"column":79},"end":{"line":65,"column":82}}],"line":65},"5":{"loc":{"start":{"line":70,"column":11},"end":{"line":70,"column":57}},"type":"binary-expr","locations":[{"start":{"line":70,"column":11},"end":{"line":70,"column":17}},{"start":{"line":70,"column":21},"end":{"line":70,"column":57}}],"line":70},"6":{"loc":{"start":{"line":91,"column":27},"end":{"line":91,"column":38}},"type":"binary-expr","locations":[{"start":{"line":91,"column":27},"end":{"line":91,"column":32}},{"start":{"line":91,"column":36},"end":{"line":91,"column":38}}],"line":91},"7":{"loc":{"start":{"line":117,"column":40},"end":{"line":117,"column":51}},"type":"binary-expr","locations":[{"start":{"line":117,"column":40},"end":{"line":117,"column":45}},{"start":{"line":117,"column":49},"end":{"line":117,"column":51}}],"line":117},"8":{"loc":{"start":{"line":135,"column":15},"end":{"line":135,"column":138}},"type":"binary-expr","locations":[{"start":{"line":135,"column":15},"end":{"line":135,"column":36}},{"start":{"line":135,"column":41},"end":{"line":135,"column":83}},{"start":{"line":135,"column":88},"end":{"line":135,"column":98}},{"start":{"line":135,"column":102},"end":{"line":135,"column":136}}],"line":135},"9":{"loc":{"start":{"line":146,"column":27},"end":{"line":146,"column":38}},"type":"binary-expr","locations":[{"start":{"line":146,"column":27},"end":{"line":146,"column":32}},{"start":{"line":146,"column":36},"end":{"line":146,"column":38}}],"line":146},"10":{"loc":{"start":{"line":148,"column":24},"end":{"line":148,"column":51}},"type":"if","locations":[{"start":{"line":148,"column":24},"end":{"line":148,"column":51}},{"start":{"line":148,"column":24},"end":{"line":148,"column":51}}],"line":148},"11":{"loc":{"start":{"line":176,"column":27},"end":{"line":176,"column":38}},"type":"binary-expr","locations":[{"start":{"line":176,"column":27},"end":{"line":176,"column":32}},{"start":{"line":176,"column":36},"end":{"line":176,"column":38}}],"line":176},"12":{"loc":{"start":{"line":200,"column":15},"end":{"line":200,"column":58}},"type":"binary-expr","locations":[{"start":{"line":200,"column":15},"end":{"line":200,"column":36}},{"start":{"line":200,"column":40},"end":{"line":200,"column":58}}],"line":200},"13":{"loc":{"start":{"line":211,"column":27},"end":{"line":211,"column":38}},"type":"binary-expr","locations":[{"start":{"line":211,"column":27},"end":{"line":211,"column":32}},{"start":{"line":211,"column":36},"end":{"line":211,"column":38}}],"line":211},"14":{"loc":{"start":{"line":213,"column":24},"end":{"line":213,"column":52}},"type":"if","locations":[{"start":{"line":213,"column":24},"end":{"line":213,"column":52}},{"start":{"line":213,"column":24},"end":{"line":213,"column":52}}],"line":213},"15":{"loc":{"start":{"line":241,"column":27},"end":{"line":241,"column":38}},"type":"binary-expr","locations":[{"start":{"line":241,"column":27},"end":{"line":241,"column":32}},{"start":{"line":241,"column":36},"end":{"line":241,"column":38}}],"line":241},"16":{"loc":{"start":{"line":269,"column":27},"end":{"line":269,"column":38}},"type":"binary-expr","locations":[{"start":{"line":269,"column":27},"end":{"line":269,"column":32}},{"start":{"line":269,"column":36},"end":{"line":269,"column":38}}],"line":269},"17":{"loc":{"start":{"line":291,"column":15},"end":{"line":291,"column":119}},"type":"binary-expr","locations":[{"start":{"line":291,"column":15},"end":{"line":291,"column":36}},{"start":{"line":291,"column":41},"end":{"line":291,"column":64}},{"start":{"line":291,"column":69},"end":{"line":291,"column":79}},{"start":{"line":291,"column":83},"end":{"line":291,"column":117}}],"line":291},"18":{"loc":{"start":{"line":302,"column":27},"end":{"line":302,"column":38}},"type":"binary-expr","locations":[{"start":{"line":302,"column":27},"end":{"line":302,"column":32}},{"start":{"line":302,"column":36},"end":{"line":302,"column":38}}],"line":302},"19":{"loc":{"start":{"line":304,"column":24},"end":{"line":304,"column":51}},"type":"if","locations":[{"start":{"line":304,"column":24},"end":{"line":304,"column":51}},{"start":{"line":304,"column":24},"end":{"line":304,"column":51}}],"line":304}},"s":{"0":0,"1":0,"2":0,"3":0,"4":0,"5":0,"6":0,"7":0,"8":0,"9":0,"10":0,"11":0,"12":0,"13":0,"14":0,"15":0,"16":0,"17":0,"18":0,"19":0,"20":0,"21":0,"22":0,"23":0,"24":0,"25":0,"26":0,"27":0,"28":0,"29":0,"30":0,"31":0,"32":0,"33":0,"34":0,"35":0,"36":0,"37":0,"38":0,"39":0,"40":0,"41":0,"42":0,"43":0,"44":0,"45":0,"46":0,"47":0,"48":0,"49":0,"50":0,"51":0,"52":0,"53":0,"54":0,"55":0,"56":0,"57":0,"58":0,"59":0,"60":0,"61":0,"62":0,"63":0,"64":0,"65":0,"66":0,"67":0,"68":0,"69":0,"70":0,"71":0,"72":0,"73":0,"74":0,"75":0,"76":0,"77":0,"78":0,"79":0,"80":0,"81":0,"82":0,"83":0,"84":0,"85":0,"86":0,"87":0,"88":0,"89":0,"90":0,"91":0,"92":0,"93":0,"94":0,"95":0,"96":0},"f":{"0":0,"1":0,"2":0,"3":0,"4":0,"5":0,"6":0,"7":0,"8":0,"9":0,"10":0,"11":0,"12":0,"13":0,"14":0,"15":0,"16":0,"17":0,"18":0,"19":0,"20":0,"21":0,"22":0,"23":0,"24":0,"25":0,"26":0,"27":0,"28":0,"29":0,"30":0,"31":0,"32":0},"b":{"0":[0,0],"1":[0,0],"2":[0,0],"3":[0,0],"4":[0],"5":[0,0],"6":[0,0],"7":[0,0],"8":[0,0,0,0],"9":[0,0],"10":[0,0],"11":[0,0],"12":[0,0],"13":[0,0],"14":[0,0],"15":[0,0],"16":[0,0],"17":[0,0,0,0],"18":[0,0],"19":[0,0]}}
,"/Users/glennwedin/Desktop/projects/pensjon-etterlatte/apps/selvbetjening-ui/src/components/felles/RHFRadio.tsx": {"path":"/Users/glennwedin/Desktop/projects/pensjon-etterlatte/apps/selvbetjening-ui/src/components/felles/RHFRadio.tsx","statementMap":{"0":{"start":{"line":12,"column":34},"end":{"line":31,"column":1}},"1":{"start":{"line":23,"column":26},"end":{"line":26,"column":5}},"2":{"start":{"line":28,"column":4},"end":{"line":28,"column":86}},"3":{"start":{"line":28,"column":17},"end":{"line":28,"column":86}},"4":{"start":{"line":30,"column":4},"end":{"line":30,"column":107}},"5":{"start":{"line":33,"column":30},"end":{"line":73,"column":1}},"6":{"start":{"line":44,"column":18},"end":{"line":44,"column":34}},"7":{"start":{"line":48,"column":8},"end":{"line":48,"column":24}},"8":{"start":{"line":50,"column":30},"end":{"line":50,"column":47}},"9":{"start":{"line":51,"column":23},"end":{"line":51,"column":41}},"10":{"start":{"line":52,"column":4},"end":{"line":72,"column":6}},"11":{"start":{"line":59,"column":20},"end":{"line":68,"column":22}},"12":{"start":{"line":67,"column":41},"end":{"line":67,"column":96}},"13":{"start":{"line":83,"column":24},"end":{"line":113,"column":1}},"14":{"start":{"line":84,"column":18},"end":{"line":84,"column":34}},"15":{"start":{"line":88,"column":8},"end":{"line":88,"column":24}},"16":{"start":{"line":90,"column":30},"end":{"line":90,"column":47}},"17":{"start":{"line":92,"column":4},"end":{"line":112,"column":6}},"18":{"start":{"line":99,"column":20},"end":{"line":108,"column":22}},"19":{"start":{"line":107,"column":41},"end":{"line":107,"column":96}}},"fnMap":{"0":{"name":"(anonymous_0)","decl":{"start":{"line":12,"column":34},"end":{"line":12,"column":35}},"loc":{"start":{"line":22,"column":6},"end":{"line":31,"column":1}},"line":22},"1":{"name":"(anonymous_1)","decl":{"start":{"line":33,"column":30},"end":{"line":33,"column":31}},"loc":{"start":{"line":43,"column":6},"end":{"line":73,"column":1}},"line":43},"2":{"name":"(anonymous_2)","decl":{"start":{"line":58,"column":24},"end":{"line":58,"column":25}},"loc":{"start":{"line":59,"column":20},"end":{"line":68,"column":22}},"line":59},"3":{"name":"(anonymous_3)","decl":{"start":{"line":67,"column":34},"end":{"line":67,"column":35}},"loc":{"start":{"line":67,"column":41},"end":{"line":67,"column":96}},"line":67},"4":{"name":"(anonymous_4)","decl":{"start":{"line":83,"column":24},"end":{"line":83,"column":25}},"loc":{"start":{"line":83,"column":98},"end":{"line":113,"column":1}},"line":83},"5":{"name":"(anonymous_5)","decl":{"start":{"line":98,"column":24},"end":{"line":98,"column":25}},"loc":{"start":{"line":99,"column":20},"end":{"line":108,"column":22}},"line":99},"6":{"name":"(anonymous_6)","decl":{"start":{"line":107,"column":34},"end":{"line":107,"column":35}},"loc":{"start":{"line":107,"column":41},"end":{"line":107,"column":96}},"line":107}},"branchMap":{"0":{"loc":{"start":{"line":28,"column":4},"end":{"line":28,"column":86}},"type":"if","locations":[{"start":{"line":28,"column":4},"end":{"line":28,"column":86}},{"start":{"line":28,"column":4},"end":{"line":28,"column":86}}],"line":28},"1":{"loc":{"start":{"line":61,"column":30},"end":{"line":61,"column":52}},"type":"binary-expr","locations":[{"start":{"line":61,"column":30},"end":{"line":61,"column":35}},{"start":{"line":61,"column":39},"end":{"line":61,"column":52}}],"line":61},"2":{"loc":{"start":{"line":102,"column":30},"end":{"line":102,"column":81}},"type":"binary-expr","locations":[{"start":{"line":102,"column":30},"end":{"line":102,"column":35}},{"start":{"line":102,"column":39},"end":{"line":102,"column":81}}],"line":102}},"s":{"0":0,"1":0,"2":0,"3":0,"4":0,"5":0,"6":0,"7":0,"8":0,"9":0,"10":0,"11":0,"12":0,"13":0,"14":0,"15":0,"16":0,"17":0,"18":0,"19":0},"f":{"0":0,"1":0,"2":0,"3":0,"4":0,"5":0,"6":0},"b":{"0":[0,0],"1":[0,0],"2":[0,0]}}
,"/Users/glennwedin/Desktop/projects/pensjon-etterlatte/apps/selvbetjening-ui/src/components/felles/RHFSelect.tsx": {"path":"/Users/glennwedin/Desktop/projects/pensjon-etterlatte/apps/selvbetjening-ui/src/components/felles/RHFSelect.tsx","statementMap":{"0":{"start":{"line":23,"column":25},"end":{"line":56,"column":1}},"1":{"start":{"line":24,"column":18},"end":{"line":24,"column":34}},"2":{"start":{"line":26,"column":47},"end":{"line":26,"column":63}},"3":{"start":{"line":28,"column":30},"end":{"line":28,"column":47}},"4":{"start":{"line":29,"column":24},"end":{"line":29,"column":45}},"5":{"start":{"line":31,"column":4},"end":{"line":55,"column":6}},"6":{"start":{"line":38,"column":20},"end":{"line":51,"column":29}},"7":{"start":{"line":42,"column":41},"end":{"line":42,"column":88}},"8":{"start":{"line":49,"column":28},"end":{"line":49,"column":93}}},"fnMap":{"0":{"name":"(anonymous_0)","decl":{"start":{"line":23,"column":25},"end":{"line":23,"column":26}},"loc":{"start":{"line":23,"column":90},"end":{"line":56,"column":1}},"line":23},"1":{"name":"(anonymous_1)","decl":{"start":{"line":37,"column":24},"end":{"line":37,"column":25}},"loc":{"start":{"line":38,"column":20},"end":{"line":51,"column":29}},"line":38},"2":{"name":"(anonymous_2)","decl":{"start":{"line":42,"column":34},"end":{"line":42,"column":35}},"loc":{"start":{"line":42,"column":41},"end":{"line":42,"column":88}},"line":42},"3":{"name":"(anonymous_3)","decl":{"start":{"line":48,"column":43},"end":{"line":48,"column":44}},"loc":{"start":{"line":49,"column":28},"end":{"line":49,"column":93}},"line":49}},"branchMap":{"0":{"loc":{"start":{"line":40,"column":31},"end":{"line":40,"column":42}},"type":"binary-expr","locations":[{"start":{"line":40,"column":31},"end":{"line":40,"column":36}},{"start":{"line":40,"column":40},"end":{"line":40,"column":42}}],"line":40},"1":{"loc":{"start":{"line":41,"column":34},"end":{"line":41,"column":45}},"type":"binary-expr","locations":[{"start":{"line":41,"column":34},"end":{"line":41,"column":39}},{"start":{"line":41,"column":43},"end":{"line":41,"column":45}}],"line":41}},"s":{"0":0,"1":0,"2":0,"3":0,"4":0,"5":0,"6":0,"7":0,"8":0},"f":{"0":0,"1":0,"2":0,"3":0},"b":{"0":[0,0],"1":[0,0]}}
,"/Users/glennwedin/Desktop/projects/pensjon-etterlatte/apps/selvbetjening-ui/src/components/felles/SkjemaGruppering.tsx": {"path":"/Users/glennwedin/Desktop/projects/pensjon-etterlatte/apps/selvbetjening-ui/src/components/felles/SkjemaGruppering.tsx","statementMap":{"0":{"start":{"line":5,"column":48},"end":{"line":11,"column":1}},"1":{"start":{"line":6,"column":4},"end":{"line":10,"column":5}}},"fnMap":{"0":{"name":"(anonymous_0)","decl":{"start":{"line":5,"column":48},"end":{"line":5,"column":49}},"loc":{"start":{"line":5,"column":66},"end":{"line":11,"column":1}},"line":5}},"branchMap":{},"s":{"0":0,"1":0},"f":{"0":0},"b":{}}
,"/Users/glennwedin/Desktop/projects/pensjon-etterlatte/apps/selvbetjening-ui/src/components/felles/Stegviser.tsx": {"path":"/Users/glennwedin/Desktop/projects/pensjon-etterlatte/apps/selvbetjening-ui/src/components/felles/Stegviser.tsx","statementMap":{"0":{"start":{"line":7,"column":18},"end":{"line":30,"column":1}},"1":{"start":{"line":8,"column":18},"end":{"line":8,"column":34}},"2":{"start":{"line":10,"column":21},"end":{"line":10,"column":34}},"3":{"start":{"line":12,"column":32},"end":{"line":12,"column":48}},"4":{"start":{"line":14,"column":21},"end":{"line":16,"column":6}},"5":{"start":{"line":15,"column":8},"end":{"line":15,"column":62}},"6":{"start":{"line":18,"column":28},"end":{"line":18,"column":67}},"7":{"start":{"line":20,"column":27},"end":{"line":20,"column":91}},"8":{"start":{"line":20,"column":33},"end":{"line":20,"column":91}},"9":{"start":{"line":20,"column":57},"end":{"line":20,"column":90}},"10":{"start":{"line":22,"column":4},"end":{"line":29,"column":5}}},"fnMap":{"0":{"name":"(anonymous_0)","decl":{"start":{"line":7,"column":18},"end":{"line":7,"column":19}},"loc":{"start":{"line":7,"column":24},"end":{"line":30,"column":1}},"line":7},"1":{"name":"(anonymous_1)","decl":{"start":{"line":14,"column":30},"end":{"line":14,"column":31}},"loc":{"start":{"line":14,"column":62},"end":{"line":16,"column":5}},"line":14},"2":{"name":"(anonymous_2)","decl":{"start":{"line":20,"column":27},"end":{"line":20,"column":28}},"loc":{"start":{"line":20,"column":33},"end":{"line":20,"column":91}},"line":20},"3":{"name":"(anonymous_3)","decl":{"start":{"line":20,"column":48},"end":{"line":20,"column":49}},"loc":{"start":{"line":20,"column":57},"end":{"line":20,"column":90}},"line":20}},"branchMap":{"0":{"loc":{"start":{"line":18,"column":28},"end":{"line":18,"column":67}},"type":"binary-expr","locations":[{"start":{"line":18,"column":28},"end":{"line":18,"column":61}},{"start":{"line":18,"column":65},"end":{"line":18,"column":67}}],"line":18}},"s":{"0":1,"1":6,"2":6,"3":6,"4":6,"5":36,"6":6,"7":6,"8":6,"9":21,"10":6},"f":{"0":6,"1":36,"2":6,"3":21},"b":{"0":[6,0]},"_coverageSchema":"1a1c01bbd47fc00a2c39e90264f33305004495a9","hash":"dc2375e93c47aebd997960cb7ffdad1fba806f26"}
[...]
:5}},"10":{"start":{"line":69,"column":23},"end":{"line":69,"column":72}},"11":{"start":{"line":71,"column":8},"end":{"line":71,"column":45}},"12":{"start":{"line":74,"column":27},"end":{"line":77,"column":5}},"13":{"start":{"line":75,"column":8},"end":{"line":76,"column":25}},"14":{"start":{"line":75,"column":39},"end":{"line":75,"column":90}},"15":{"start":{"line":76,"column":13},"end":{"line":76,"column":25}},"16":{"start":{"line":79,"column":31},"end":{"line":82,"column":5}},"17":{"start":{"line":80,"column":8},"end":{"line":81,"column":25}},"18":{"start":{"line":80,"column":39},"end":{"line":80,"column":96}},"19":{"start":{"line":81,"column":13},"end":{"line":81,"column":25}},"20":{"start":{"line":84,"column":24},"end":{"line":91,"column":5}},"21":{"start":{"line":85,"column":8},"end":{"line":90,"column":34}},"22":{"start":{"line":86,"column":12},"end":{"line":86,"column":49}},"23":{"start":{"line":87,"column":13},"end":{"line":90,"column":34}},"24":{"start":{"line":88,"column":12},"end":{"line":88,"column":30}},"25":{"start":{"line":90,"column":12},"end":{"line":90,"column":34}}},"fnMap":{"0":{"name":"(anonymous_0)","decl":{"start":{"line":44,"column":4},"end":{"line":44,"column":5}},"loc":{"start":{"line":44,"column":42},"end":{"line":47,"column":5}},"line":44},"1":{"name":"(anonymous_1)","decl":{"start":{"line":49,"column":4},"end":{"line":49,"column":5}},"loc":{"start":{"line":49,"column":56},"end":{"line":66,"column":5}},"line":49},"2":{"name":"(anonymous_2)","decl":{"start":{"line":51,"column":20},"end":{"line":51,"column":21}},"loc":{"start":{"line":51,"column":29},"end":{"line":51,"column":39}},"line":51},"3":{"name":"(anonymous_3)","decl":{"start":{"line":52,"column":21},"end":{"line":52,"column":22}},"loc":{"start":{"line":52,"column":30},"end":{"line":65,"column":13}},"line":52},"4":{"name":"(anonymous_4)","decl":{"start":{"line":68,"column":21},"end":{"line":68,"column":22}},"loc":{"start":{"line":68,"column":56},"end":{"line":72,"column":5}},"line":68},"5":{"name":"(anonymous_5)","decl":{"start":{"line":74,"column":27},"end":{"line":74,"column":28}},"loc":{"start":{"line":74,"column":52},"end":{"line":77,"column":5}},"line":74},"6":{"name":"(anonymous_6)","decl":{"start":{"line":79,"column":31},"end":{"line":79,"column":32}},"loc":{"start":{"line":79,"column":56},"end":{"line":82,"column":5}},"line":79},"7":{"name":"(anonymous_7)","decl":{"start":{"line":84,"column":24},"end":{"line":84,"column":25}},"loc":{"start":{"line":84,"column":46},"end":{"line":91,"column":5}},"line":84}},"branchMap":{"0":{"loc":{"start":{"line":57,"column":16},"end":{"line":64,"column":17}},"type":"if","locations":[{"start":{"line":57,"column":16},"end":{"line":64,"column":17}},{"start":{"line":57,"column":16},"end":{"line":64,"column":17}}],"line":57},"1":{"loc":{"start":{"line":57,"column":20},"end":{"line":57,"column":78}},"type":"binary-expr","locations":[{"start":{"line":57,"column":20},"end":{"line":57,"column":25}},{"start":{"line":57,"column":29},"end":{"line":57,"column":52}},{"start":{"line":57,"column":56},"end":{"line":57,"column":78}}],"line":57},"2":{"loc":{"start":{"line":69,"column":23},"end":{"line":69,"column":72}},"type":"cond-expr","locations":[{"start":{"line":69,"column":35},"end":{"line":69,"column":66}},{"start":{"line":69,"column":69},"end":{"line":69,"column":72}}],"line":69},"3":{"loc":{"start":{"line":75,"column":8},"end":{"line":76,"column":25}},"type":"if","locations":[{"start":{"line":75,"column":8},"end":{"line":76,"column":25}},{"start":{"line":75,"column":8},"end":{"line":76,"column":25}}],"line":75},"4":{"loc":{"start":{"line":80,"column":8},"end":{"line":81,"column":25}},"type":"if","locations":[{"start":{"line":80,"column":8},"end":{"line":81,"column":25}},{"start":{"line":80,"column":8},"end":{"line":81,"column":25}}],"line":80},"5":{"loc":{"start":{"line":85,"column":8},"end":{"line":90,"column":34}},"type":"if","locations":[{"start":{"line":85,"column":8},"end":{"line":90,"column":34}},{"start":{"line":85,"column":8},"end":{"line":90,"column":34}}],"line":85},"6":{"loc":{"start":{"line":85,"column":12},"end":{"line":85,"column":57}},"type":"binary-expr","locations":[{"start":{"line":85,"column":12},"end":{"line":85,"column":34}},{"start":{"line":85,"column":38},"end":{"line":85,"column":57}}],"line":85},"7":{"loc":{"start":{"line":87,"column":13},"end":{"line":90,"column":34}},"type":"if","locations":[{"start":{"line":87,"column":13},"end":{"line":90,"column":34}},{"start":{"line":87,"column":13},"end":{"line":90,"column":34}}],"line":87}},"s":{"0":1,"1":1,"2":30,"3":84,"4":81,"5":81,"6":81,"7":21,"8":60,"9":1,"10":81,"11":81,"12":1,"13":60,"14":60,"15":0,"16":1,"17":55,"18":55,"19":0,"20":1,"21":60,"22":5,"23":55,"24":8,"25":47},"f":{"0":1,"1":30,"2":84,"3":81,"4":81,"5":60,"6":55,"7":60},"b":{"0":[21,60],"1":[81,81,21],"2":[81,0],"3":[60,0],"4":[55,0],"5":[5,55],"6":[60,55],"7":[8,47]},"_coverageSchema":"1a1c01bbd47fc00a2c39e90264f33305004495a9","hash":"ec1613175cfb68f3edb7b7122068411d0183f005"}
,"/Users/glennwedin/Desktop/projects/pensjon-etterlatte/apps/selvbetjening-ui/src/utils/SoeknadMapper.ts": {"path":"/Users/glennwedin/Desktop/projects/pensjon-etterlatte/apps/selvbetjening-ui/src/utils/SoeknadMapper.ts","statementMap":{"0":{"start":{"line":14,"column":8},"end":{"line":14,"column":19}},"1":{"start":{"line":15,"column":8},"end":{"line":15,"column":49}},"2":{"start":{"line":19,"column":8},"end":{"line":19,"column":41}},"3":{"start":{"line":21,"column":8},"end":{"line":27,"column":10}},"4":{"start":{"line":31,"column":27},"end":{"line":37,"column":9}},"5":{"start":{"line":39,"column":8},"end":{"line":58,"column":10}},"6":{"start":{"line":62,"column":8},"end":{"line":70,"column":10}},"7":{"start":{"line":74,"column":41},"end":{"line":82,"column":16}},"8":{"start":{"line":75,"column":12},"end":{"line":81,"column":24}},"9":{"start":{"line":79,"column":65},"end":{"line":79,"column":76}},"10":{"start":{"line":84,"column":8},"end":{"line":96,"column":10}},"11":{"start":{"line":100,"column":8},"end":{"line":108,"column":10}},"12":{"start":{"line":112,"column":32},"end":{"line":117,"column":16}},"13":{"start":{"line":113,"column":12},"end":{"line":116,"column":24}},"14":{"start":{"line":119,"column":8},"end":{"line":128,"column":10}}},"fnMap":{"0":{"name":"(anonymous_0)","decl":{"start":{"line":13,"column":4},"end":{"line":13,"column":5}},"loc":{"start":{"line":13,"column":42},"end":{"line":16,"column":5}},"line":13},"1":{"name":"(anonymous_1)","decl":{"start":{"line":18,"column":4},"end":{"line":18,"column":5}},"loc":{"start":{"line":18,"column":66},"end":{"line":28,"column":5}},"line":18},"2":{"name":"(anonymous_2)","decl":{"start":{"line":30,"column":4},"end":{"line":30,"column":5}},"loc":{"start":{"line":30,"column":62},"end":{"line":59,"column":5}},"line":30},"3":{"name":"(anonymous_3)","decl":{"start":{"line":61,"column":4},"end":{"line":61,"column":5}},"loc":{"start":{"line":61,"column":69},"end":{"line":71,"column":5}},"line":61},"4":{"name":"(anonymous_4)","decl":{"start":{"line":73,"column":4},"end":{"line":73,"column":5}},"loc":{"start":{"line":73,"column":59},"end":{"line":97,"column":5}},"line":73},"5":{"name":"(anonymous_5)","decl":{"start":{"line":74,"column":96},"end":{"line":74,"column":97}},"loc":{"start":{"line":74,"column":109},"end":{"line":82,"column":9}},"line":74},"6":{"name":"(anonymous_6)","decl":{"start":{"line":79,"column":58},"end":{"line":79,"column":59}},"loc":{"start":{"line":79,"column":65},"end":{"line":79,"column":76}},"line":79},"7":{"name":"(anonymous_7)","decl":{"start":{"line":99,"column":4},"end":{"line":99,"column":5}},"loc":{"start":{"line":99,"column":62},"end":{"line":109,"column":5}},"line":99},"8":{"name":"(anonymous_8)","decl":{"start":{"line":111,"column":4},"end":{"line":111,"column":5}},"loc":{"start":{"line":111,"column":71},"end":{"line":129,"column":5}},"line":111},"9":{"name":"(anonymous_9)","decl":{"start":{"line":112,"column":61},"end":{"line":112,"column":62}},"loc":{"start":{"line":112,"column":69},"end":{"line":117,"column":9}},"line":112}},"branchMap":{"0":{"loc":{"start":{"line":33,"column":61},"end":{"line":33,"column":84}},"type":"binary-expr","locations":[{"start":{"line":33,"column":61},"end":{"line":33,"column":78}},{"start":{"line":33,"column":82},"end":{"line":33,"column":84}}],"line":33},"1":{"loc":{"start":{"line":53,"column":48},"end":{"line":53,"column":86}},"type":"binary-expr","locations":[{"start":{"line":53,"column":48},"end":{"line":53,"column":80}},{"start":{"line":53,"column":84},"end":{"line":53,"column":86}}],"line":53},"2":{"loc":{"start":{"line":74,"column":41},"end":{"line":82,"column":16}},"type":"binary-expr","locations":[{"start":{"line":74,"column":41},"end":{"line":82,"column":10}},{"start":{"line":82,"column":14},"end":{"line":82,"column":16}}],"line":74},"3":{"loc":{"start":{"line":112,"column":32},"end":{"line":117,"column":16}},"type":"binary-expr","locations":[{"start":{"line":112,"column":32},"end":{"line":117,"column":10}},{"start":{"line":117,"column":14},"end":{"line":117,"column":16}}],"line":112}},"s":{"0":1,"1":1,"2":1,"3":1,"4":1,"5":1,"6":1,"7":1,"8":1,"9":2,"10":1,"11":1,"12":1,"13":2,"14":1},"f":{"0":1,"1":1,"2":1,"3":1,"4":1,"5":1,"6":2,"7":1,"8":1,"9":2},"b":{"0":[1,1],"1":[1,1],"2":[1,0],"3":[1,0]},"_coverageSchema":"1a1c01bbd47fc00a2c39e90264f33305004495a9","hash":"a4db9e9dc51b1dc4ff1e727e15e09fb808195133"}
,"/Users/glennwedin/Desktop/projects/pensjon-etterlatte/apps/selvbetjening-ui/src/utils/alder.ts": {"path":"/Users/glennwedin/Desktop/projects/pensjon-etterlatte/apps/selvbetjening-ui/src/utils/alder.ts","statementMap":{"0":{"start":{"line":1,"column":19},"end":{"line":1,"column":21}},"1":{"start":{"line":2,"column":18},"end":{"line":2,"column":20}},"2":{"start":{"line":4,"column":27},"end":{"line":6,"column":1}},"3":{"start":{"line":5,"column":4},"end":{"line":5,"column":53}},"4":{"start":{"line":8,"column":24},"end":{"line":8,"column":69}},"5":{"start":{"line":8,"column":52},"end":{"line":8,"column":69}},"6":{"start":{"line":10,"column":24},"end":{"line":10,"column":70}},"7":{"start":{"line":10,"column":52},"end":{"line":10,"column":70}},"8":{"start":{"line":12,"column":27},"end":{"line":12,"column":73}},"9":{"start":{"line":12,"column":55},"end":{"line":12,"column":73}}},"fnMap":{"0":{"name":"(anonymous_0)","decl":{"start":{"line":4,"column":27},"end":{"line":4,"column":28}},"loc":{"start":{"line":4,"column":55},"end":{"line":6,"column":1}},"line":4},"1":{"name":"(anonymous_1)","decl":{"start":{"line":8,"column":24},"end":{"line":8,"column":25}},"loc":{"start":{"line":8,"column":52},"end":{"line":8,"column":69}},"line":8},"2":{"name":"(anonymous_2)","decl":{"start":{"line":10,"column":24},"end":{"line":10,"column":25}},"loc":{"start":{"line":10,"column":52},"end":{"line":10,"column":70}},"line":10},"3":{"name":"(anonymous_3)","decl":{"start":{"line":12,"column":27},"end":{"line":12,"column":28}},"loc":{"start":{"line":12,"column":55},"end":{"line":12,"column":73}},"line":12}},"branchMap":{"0":{"loc":{"start":{"line":5,"column":11},"end":{"line":5,"column":52}},"type":"binary-expr","locations":[{"start":{"line":5,"column":11},"end":{"line":5,"column":29}},{"start":{"line":5,"column":33},"end":{"line":5,"column":52}}],"line":5}},"s":{"0":2,"1":2,"2":2,"3":11,"4":2,"5":4,"6":2,"7":3,"8":2,"9":4},"f":{"0":11,"1":4,"2":3,"3":4},"b":{"0":[11,8]},"_coverageSchema":"1a1c01bbd47fc00a2c39e90264f33305004495a9","hash":"4a51f5d9969551cf2873ab90874269d6e6d2f1b6"}
,"/Users/glennwedin/Desktop/projects/pensjon-etterlatte/apps/selvbetjening-ui/src/utils/dato.ts": {"path":"/Users/glennwedin/Desktop/projects/pensjon-etterlatte/apps/selvbetjening-ui/src/utils/dato.ts","statementMap":{"0":{"start":{"line":4,"column":21},"end":{"line":4,"column":49}},"1":{"start":{"line":6,"column":22},"end":{"line":8,"column":1}},"2":{"start":{"line":7,"column":4},"end":{"line":7,"column":54}},"3":{"start":{"line":10,"column":25},"end":{"line":12,"column":1}},"4":{"start":{"line":11,"column":4},"end":{"line":11,"column":84}},"5":{"start":{"line":15,"column":42},"end":{"line":19,"column":1}},"6":{"start":{"line":16,"column":25},"end":{"line":16,"column":84}},"7":{"start":{"line":18,"column":4},"end":{"line":18,"column":34}},"8":{"start":{"line":21,"column":31},"end":{"line":29,"column":1}},"9":{"start":{"line":25,"column":4},"end":{"line":26,"column":100}},"10":{"start":{"line":26,"column":8},"end":{"line":26,"column":100}},"11":{"start":{"line":28,"column":4},"end":{"line":28,"column":21}},"12":{"start":{"line":35,"column":57},"end":{"line":42,"column":1}},"13":{"start":{"line":39,"column":40},"end":{"line":39,"column":94}},"14":{"start":{"line":41,"column":4},"end":{"line":41,"column":77}}},"fnMap":{"0":{"name":"(anonymous_0)","decl":{"start":{"line":6,"column":22},"end":{"line":6,"column":23}},"loc":{"start":{"line":6,"column":59},"end":{"line":8,"column":1}},"line":6},"1":{"name":"(anonymous_1)","decl":{"start":{"line":10,"column":25},"end":{"line":10,"column":26}},"loc":{"start":{"line":10,"column":66},"end":{"line":12,"column":1}},"line":10},"2":{"name":"(anonymous_2)","decl":{"start":{"line":15,"column":42},"end":{"line":15,"column":43}},"loc":{"start":{"line":15,"column":78},"end":{"line":19,"column":1}},"line":15},"3":{"name":"(anonymous_3)","decl":{"start":{"line":21,"column":31},"end":{"line":21,"column":32}},"loc":{"start":{"line":24,"column":25},"end":{"line":29,"column":1}},"line":24},"4":{"name":"(anonymous_4)","decl":{"start":{"line":35,"column":57},"end":{"line":35,"column":58}},"loc":{"start":{"line":38,"column":14},"end":{"line":42,"column":1}},"line":38}},"branchMap":{"0":{"loc":{"start":{"line":7,"column":11},"end":{"line":7,"column":53}},"type":"binary-expr","locations":[{"start":{"line":7,"column":11},"end":{"line":7,"column":17}},{"start":{"line":7,"column":21},"end":{"line":7,"column":53}}],"line":7},"1":{"loc":{"start":{"line":25,"column":4},"end":{"line":26,"column":100}},"type":"if","locations":[{"start":{"line":25,"column":4},"end":{"line":26,"column":100}},{"start":{"line":25,"column":4},"end":{"line":26,"column":100}}],"line":25},"2":{"loc":{"start":{"line":25,"column":8},"end":{"line":25,"column":42}},"type":"binary-expr","locations":[{"start":{"line":25,"column":8},"end":{"line":25,"column":23}},{"start":{"line":25,"column":27},"end":{"line":25,"column":42}}],"line":25},"3":{"loc":{"start":{"line":41,"column":11},"end":{"line":41,"column":76}},"type":"binary-expr","locations":[{"start":{"line":41,"column":11},"end":{"line":41,"column":40}},{"start":{"line":41,"column":44},"end":{"line":41,"column":76}}],"line":41}},"s":{"0":2,"1":2,"2":24,"3":2,"4":0,"5":2,"6":0,"7":0,"8":2,"9":10,"10":6,"11":4,"12":2,"13":6,"14":6},"f":{"0":24,"1":0,"2":0,"3":10,"4":6},"b":{"0":[24,21],"1":[6,4],"2":[10,8],"3":[6,2]},"_coverageSchema":"1a1c01bbd47fc00a2c39e90264f33305004495a9","hash":"4e36c8a802b08a4964e344162027e166e7a77277"}
,"/Users/glennwedin/Desktop/projects/pensjon-etterlatte/apps/selvbetjening-ui/src/utils/matchers.ts": {"path":"/Users/glennwedin/Desktop/projects/pensjon-etterlatte/apps/selvbetjening-ui/src/utils/matchers.ts","statementMap":{"0":{"start":{"line":2,"column":28},"end":{"line":2,"column":178}},"1":{"start":{"line":4,"column":37},"end":{"line":4,"column":79}},"2":{"start":{"line":5,"column":30},"end":{"line":5,"column":58}},"3":{"start":{"line":7,"column":39},"end":{"line":7,"column":81}},"4":{"start":{"line":8,"column":32},"end":{"line":8,"column":66}},"5":{"start":{"line":10,"column":37},"end":{"line":10,"column":59}},"6":{"start":{"line":11,"column":30},"end":{"line":11,"column":50}}},"fnMap":{},"branchMap":{},"s":{"0":1,"1":1,"2":1,"3":1,"4":1,"5":1,"6":1},"f":{},"b":{},"_coverageSchema":"1a1c01bbd47fc00a2c39e90264f33305004495a9","hash":"23c58b54b4e1d36d419c0ef8897d25aa78e23c12"}
,"/Users/glennwedin/Desktop/projects/pensjon-etterlatte/apps/selvbetjening-ui/src/utils/translation.ts": {"path":"/Users/glennwedin/Desktop/projects/pensjon-etterlatte/apps/selvbetjening-ui/src/utils/translation.ts","statementMap":{"0":{"start":{"line":6,"column":27},"end":{"line":12,"column":1}},"1":{"start":{"line":7,"column":4},"end":{"line":7,"column":26}},"2":{"start":{"line":7,"column":16},"end":{"line":7,"column":26}},"3":{"start":{"line":9,"column":17},"end":{"line":9,"column":54}},"4":{"start":{"line":11,"column":4},"end":{"line":11,"column":40}}},"fnMap":{"0":{"name":"(anonymous_0)","decl":{"start":{"line":6,"column":27},"end":{"line":6,"column":28}},"loc":{"start":{"line":6,"column":59},"end":{"line":12,"column":1}},"line":6}},"branchMap":{"0":{"loc":{"start":{"line":7,"column":4},"end":{"line":7,"column":26}},"type":"if","locations":[{"start":{"line":7,"column":4},"end":{"line":7,"column":26}},{"start":{"line":7,"column":4},"end":{"line":7,"column":26}}],"line":7}},"s":{"0":2,"1":7,"2":0,"3":7,"4":7},"f":{"0":7},"b":{"0":[0,7]},"_coverageSchema":"1a1c01bbd47fc00a2c39e90264f33305004495a9","hash":"b6943e7891c4f517a4c3fd61d7d3a477b23959c8"}
,"/Users/glennwedin/Desktop/projects/pensjon-etterlatte/apps/selvbetjening-ui/src/utils/amplitude/index.ts": {"path":"/Users/glennwedin/Desktop/projects/pensjon-etterlatte/apps/selvbetjening-ui/src/utils/amplitude/index.ts","statementMap":{"0":{"start":{"line":11,"column":28},"end":{"line":44,"column":1}},"1":{"start":{"line":12,"column":21},"end":{"line":12,"column":34}},"2":{"start":{"line":13,"column":44},"end":{"line":13,"column":63}},"3":{"start":{"line":15,"column":4},"end":{"line":23,"column":11}},"4":{"start":{"line":16,"column":8},"end":{"line":22,"column":11}},"5":{"start":{"line":25,"column":4},"end":{"line":30,"column":19}},"6":{"start":{"line":26,"column":8},"end":{"line":28,"column":9}},"7":{"start":{"line":27,"column":12},"end":{"line":27,"column":44}},"8":{"start":{"line":29,"column":8},"end":{"line":29,"column":34}},"9":{"start":{"line":32,"column":21},"end":{"line":42,"column":5}},"10":{"start":{"line":33,"column":8},"end":{"line":41,"column":14}},"11":{"start":{"line":34,"column":12},"end":{"line":40,"column":13}},"12":{"start":{"line":35,"column":16},"end":{"line":37,"column":17}},"13":{"start":{"line":36,"column":20},"end":{"line":36,"column":75}},"14":{"start":{"line":39,"column":16},"end":{"line":39,"column":37}},"15":{"start":{"line":43,"column":4},"end":{"line":43,"column":24}}},"fnMap":{"0":{"name":"(anonymous_0)","decl":{"start":{"line":11,"column":28},"end":{"line":11,"column":29}},"loc":{"start":{"line":11,"column":34},"end":{"line":44,"column":1}},"line":11},"1":{"name":"(anonymous_1)","decl":{"start":{"line":15,"column":14},"end":{"line":15,"column":15}},"loc":{"start":{"line":15,"column":20},"end":{"line":23,"column":5}},"line":15},"2":{"name":"(anonymous_2)","decl":{"start":{"line":25,"column":14},"end":{"line":25,"column":15}},"loc":{"start":{"line":25,"column":20},"end":{"line":30,"column":5}},"line":25},"3":{"name":"(anonymous_3)","decl":{"start":{"line":32,"column":21},"end":{"line":32,"column":22}},"loc":{"start":{"line":32,"column":70},"end":{"line":42,"column":5}},"line":32},"4":{"name":"(anonymous_4)","decl":{"start":{"line":33,"column":19},"end":{"line":33,"column":20}},"loc":{"start":{"line":33,"column":25},"end":{"line":41,"column":9}},"line":33}},"branchMap":{"0":{"loc":{"start":{"line":26,"column":8},"end":{"line":28,"column":9}},"type":"if","locations":[{"start":{"line":26,"column":8},"end":{"line":28,"column":9}},{"start":{"line":26,"column":8},"end":{"line":28,"column":9}}],"line":26},"1":{"loc":{"start":{"line":35,"column":16},"end":{"line":37,"column":17}},"type":"if","locations":[{"start":{"line":35,"column":16},"end":{"line":37,"column":17}},{"start":{"line":35,"column":16},"end":{"line":37,"column":17}}],"line":35}},"s":{"0":1,"1":7,"2":7,"3":7,"4":3,"5":7,"6":3,"7":0,"8":3,"9":7,"10":0,"11":0,"12":0,"13":0,"14":0,"15":7},"f":{"0":7,"1":3,"2":3,"3":0,"4":0},"b":{"0":[0,3],"1":[0,0]},"_coverageSchema":"1a1c01bbd47fc00a2c39e90264f33305004495a9","hash":"df0e0e27dfff29127403a9aa237b108621a856fe"}
}
