TN:
SF:src/App.tsx
FN:12,(anonymous_0)
FNF:1
FNH:0
FNDA:0,(anonymous_0)
DA:12,0
DA:13,0
DA:14,0
DA:15,0
DA:16,0
DA:18,0
LF:6
LH:0
BRDA:32,0,0,0
BRDA:32,0,1,0
BRF:2
BRH:0
end_of_record
TN:
SF:src/i18n.ts
FNF:0
FNH:0
DA:7,4
LF:1
LH:1
BRF:0
BRH:0
end_of_record
TN:
SF:src/index.tsx
FN:11,(anonymous_0)
FN:14,(anonymous_1)
FNF:2
FNH:0
FNDA:0,(anonymous_0)
FNDA:0,(anonymous_1)
DA:11,0
DA:12,0
DA:14,0
DA:15,0
DA:18,0
DA:21,0
LF:6
LH:0
BRF:0
BRH:0
end_of_record
TN:
SF:src/reportWebVitals.ts
FN:3,(anonymous_0)
FN:5,(anonymous_1)
FNF:2
FNH:0
FNDA:0,(anonymous_0)
FNDA:0,(anonymous_1)
DA:3,0
DA:4,0
DA:5,0
DA:6,0
DA:7,0
DA:8,0
DA:9,0
DA:10,0
LF:8
LH:0
BRDA:4,0,0,0
BRDA:4,0,1,0
BRDA:4,1,0,0
BRDA:4,1,1,0
BRF:4
BRH:0
end_of_record
TN:
SF:src/serviceWorker.js
FN:21,register
FN:32,(anonymous_1)
FN:41,(anonymous_2)
FN:55,registerValidSW
FN:58,(anonymous_4)
FN:59,(anonymous_5)
FN:64,(anonymous_6)
FN:94,(anonymous_7)
FN:99,checkValidServiceWorker
FN:102,(anonymous_9)
FN:107,(anonymous_10)
FN:108,(anonymous_11)
FN:117,(anonymous_12)
FN:122,unregister
FN:124,(anonymous_14)
FNF:15
FNH:0
FNDA:0,register
FNDA:0,(anonymous_1)
FNDA:0,(anonymous_2)
FNDA:0,registerValidSW
FNDA:0,(anonymous_4)
FNDA:0,(anonymous_5)
FNDA:0,(anonymous_6)
FNDA:0,(anonymous_7)
FNDA:0,checkValidServiceWorker
FNDA:0,(anonymous_9)
FNDA:0,(anonymous_10)
FNDA:0,(anonymous_11)
FNDA:0,(anonymous_12)
FNDA:0,unregister
FNDA:0,(anonymous_14)
DA:13,0
DA:22,0
DA:24,0
DA:25,0
DA:29,0
DA:32,0
DA:33,0
DA:35,0
DA:37,0
DA:41,0
DA:42,0
DA:49,0
DA:56,0
DA:59,0
DA:60,0
DA:61,0
DA:62,0
DA:64,0
DA:65,0
DA:66,0
DA:70,0
DA:76,0
DA:77,0
DA:83,0
DA:86,0
DA:87,0
DA:95,0
DA:101,0
DA:104,0
DA:105,0
DA:107,0
DA:108,0
DA:109,0
DA:114,0
DA:118,0
DA:123,0
DA:124,0
DA:125,0
LF:38
LH:0
BRDA:14,0,0,0
BRDA:14,0,1,0
BRDA:14,0,2,0
BRDA:22,1,0,0
BRDA:22,1,1,0
BRDA:22,2,0,0
BRDA:22,2,1,0
BRDA:25,3,0,0
BRDA:25,3,1,0
BRDA:35,4,0,0
BRDA:35,4,1,0
BRDA:61,5,0,0
BRDA:61,5,1,0
BRDA:65,6,0,0
BRDA:65,6,1,0
BRDA:66,7,0,0
BRDA:66,7,1,0
BRDA:76,8,0,0
BRDA:76,8,1,0
BRDA:76,9,0,0
BRDA:76,9,1,0
BRDA:86,10,0,0
BRDA:86,10,1,0
BRDA:86,11,0,0
BRDA:86,11,1,0
BRDA:105,12,0,0
BRDA:105,12,1,0
BRDA:105,13,0,0
BRDA:105,13,1,0
BRDA:105,13,2,0
BRDA:123,14,0,0
BRDA:123,14,1,0
BRF:32
BRH:0
end_of_record
TN:
SF:src/api/api.ts
FN:7,(anonymous_0)
FN:19,(anonymous_1)
FN:33,(anonymous_2)
FN:47,(anonymous_3)
FN:64,(anonymous_4)
FNF:5
FNH:2
FNDA:0,(anonymous_0)
FNDA:0,(anonymous_1)
FNDA:0,(anonymous_2)
FNDA:1,(anonymous_3)
FNDA:1,(anonymous_4)
DA:7,3
DA:8,0
DA:9,0
DA:10,0
DA:12,0
DA:19,3
DA:20,0
DA:21,0
DA:22,0
DA:23,0
DA:24,0
DA:26,0
DA:27,0
DA:29,0
DA:33,3
DA:34,0
DA:35,0
DA:36,0
DA:38,0
DA:47,3
DA:48,1
DA:53,1
DA:54,1
DA:55,1
DA:57,0
DA:64,3
DA:65,1
DA:70,1
DA:71,1
DA:72,1
DA:74,0
LF:31
LH:13
BRDA:23,0,0,0
BRDA:23,0,1,0
BRDA:26,1,0,0
BRDA:26,1,1,0
BRF:4
BRH:0
end_of_record
TN:
SF:src/api/axios.ts
FN:14,(anonymous_0)
FN:16,(anonymous_1)
FNF:2
FNH:0
FNDA:0,(anonymous_0)
FNDA:0,(anonymous_1)
DA:3,3
DA:5,3
DA:7,3
DA:12,3
DA:14,0
DA:16,0
LF:6
LH:4
BRDA:5,0,0,0
BRDA:5,0,1,3
BRDA:14,1,0,0
BRDA:14,1,1,0
BRF:4
BRH:1
end_of_record
TN:
SF:src/components/SideIkkeFunnet.tsx
FN:4,(anonymous_0)
FNF:1
FNH:1
FNDA:1,(anonymous_0)
DA:4,1
DA:5,1
DA:6,1
LF:3
LH:3
BRF:0
BRH:0
end_of_record
TN:
SF:src/components/UgyldigSoeker.tsx
FN:12,(anonymous_0)
FN:18,(anonymous_1)
FN:30,(anonymous_2)
FNF:3
FNH:2
FNDA:1,(anonymous_0)
FNDA:1,(anonymous_1)
FNDA:0,(anonymous_2)
DA:12,1
DA:13,1
DA:14,1
DA:16,1
DA:18,1
DA:19,1
DA:20,0
DA:24,1
DA:26,1
DA:30,1
DA:31,0
DA:33,0
DA:36,1
LF:13
LH:10
BRDA:19,0,0,0
BRDA:19,0,1,1
BRDA:26,1,0,0
BRDA:26,1,1,1
BRDA:39,2,0,0
BRDA:39,2,1,1
BRDA:51,3,0,0
BRDA:51,3,1,1
BRDA:64,4,0,0
BRDA:64,4,1,1
BRF:10
BRH:5
end_of_record
TN:
SF:src/components/dev/Admin.tsx
FN:7,(anonymous_0)
FN:20,(anonymous_1)
FN:25,(anonymous_2)
FN:30,(anonymous_3)
FN:35,(anonymous_4)
FNF:5
FNH:0
FNDA:0,(anonymous_0)
FNDA:0,(anonymous_1)
FNDA:0,(anonymous_2)
FNDA:0,(anonymous_3)
FNDA:0,(anonymous_4)
DA:7,0
DA:8,0
DA:10,0
DA:12,0
DA:20,0
DA:21,0
DA:23,0
DA:25,0
DA:26,0
DA:30,0
DA:31,0
DA:33,0
DA:35,0
DA:36,0
DA:40,0
LF:15
LH:0
BRDA:52,0,0,0
BRDA:52,0,1,0
BRDA:58,1,0,0
BRDA:58,1,1,0
BRF:4
BRH:0
end_of_record
TN:
SF:src/components/felles/Banner.tsx
FN:15,(anonymous_0)
FNF:1
FNH:1
FNDA:1,(anonymous_0)
DA:4,1
DA:15,1
DA:16,1
LF:3
LH:3
BRF:0
BRH:0
end_of_record
TN:
SF:src/components/felles/Datovelger.tsx
FN:25,(anonymous_0)
FN:34,(anonymous_1)
FN:46,(anonymous_2)
FN:50,(anonymous_3)
FN:73,(anonymous_4)
FNF:5
FNH:4
FNDA:21,(anonymous_0)
FNDA:7,(anonymous_1)
FNDA:7,(anonymous_2)
FNDA:0,(anonymous_3)
FNDA:7,(anonymous_4)
DA:25,4
DA:26,21
DA:27,7
DA:28,7
DA:34,4
DA:35,7
DA:36,7
DA:40,7
DA:42,7
DA:43,7
DA:44,7
DA:46,7
DA:47,7
DA:50,7
DA:51,0
DA:52,0
DA:55,7
DA:56,7
DA:58,7
DA:60,7
DA:74,7
LF:21
LH:19
BRDA:26,0,0,14
BRDA:26,0,1,7
BRDA:27,1,0,0
BRDA:27,1,1,7
BRDA:58,2,0,7
BRDA:58,2,1,0
BRDA:65,3,0,7
BRDA:65,3,1,0
BRDA:116,4,0,7
BRDA:116,4,1,0
BRF:10
BRH:6
end_of_record
TN:
SF:src/components/felles/Dropdown.tsx
FN:5,(anonymous_0)
FN:6,(anonymous_1)
FNF:2
FNH:1
FNDA:10,(anonymous_0)
FNDA:0,(anonymous_1)
DA:5,1
DA:6,10
DA:7,0
DA:10,10
LF:4
LH:3
BRF:0
BRH:0
end_of_record
TN:
SF:src/components/felles/Feilmeldinger.tsx
FN:13,(anonymous_0)
FN:14,(anonymous_1)
FN:21,(anonymous_2)
FN:23,(anonymous_3)
FN:24,(anonymous_4)
FN:32,(anonymous_5)
FN:40,(anonymous_6)
FNF:7
FNH:7
FNDA:9,(anonymous_0)
FNDA:12,(anonymous_1)
FNDA:4,(anonymous_2)
FNDA:7,(anonymous_3)
FNDA:7,(anonymous_4)
FNDA:9,(anonymous_5)
FNDA:1,(anonymous_6)
DA:13,6
DA:14,9
DA:15,12
DA:16,12
DA:17,5
DA:21,6
DA:22,4
DA:23,7
DA:25,7
DA:32,6
DA:33,9
DA:35,9
DA:41,1
LF:13
LH:13
BRDA:15,0,0,0
BRDA:15,0,1,12
BRDA:16,1,0,7
BRDA:16,1,1,5
BRDA:16,2,0,12
BRDA:16,2,1,7
BRDA:37,3,0,9
BRDA:37,3,1,3
BRF:8
BRH:7
end_of_record
TN:
SF:src/components/felles/Flagg.tsx
FN:3,(anonymous_0)
FN:18,(anonymous_1)
FNF:2
FNH:0
FNDA:0,(anonymous_0)
FNDA:0,(anonymous_1)
DA:3,0
DA:4,0
DA:18,0
DA:19,0
LF:4
LH:0
BRF:0
BRH:0
end_of_record
TN:
SF:src/components/felles/Hjelpetekst.tsx
FN:6,(anonymous_0)
FN:19,(anonymous_1)
FN:28,(anonymous_2)
FNF:3
FNH:2
FNDA:3,(anonymous_0)
FNDA:1,(anonymous_1)
FNDA:0,(anonymous_2)
DA:6,3
DA:7,3
DA:9,3
DA:10,3
DA:12,3
DA:19,1
DA:28,0
LF:7
LH:6
BRF:0
BRH:0
end_of_record
TN:
SF:src/components/felles/HvorforSpoerVi.tsx
FN:7,(anonymous_0)
FN:18,(anonymous_1)
FNF:2
FNH:2
FNDA:9,(anonymous_0)
FNDA:1,(anonymous_1)
DA:7,5
DA:9,9
DA:10,9
DA:12,9
DA:18,1
LF:5
LH:5
BRDA:22,0,0,1
BRDA:22,0,1,8
BRDA:25,1,0,9
BRDA:25,1,1,1
BRF:4
BRH:4
end_of_record
TN:
SF:src/components/felles/LoaderOverlay.tsx
FN:3,(anonymous_0)
FNF:1
FNH:1
FNDA:2,(anonymous_0)
DA:3,1
DA:7,2
DA:9,1
LF:3
LH:3
BRDA:7,0,0,1
BRDA:7,0,1,1
BRF:2
BRH:2
end_of_record
TN:
SF:src/components/felles/Navigasjon.tsx
FN:21,(anonymous_0)
FN:56,(anonymous_1)
FN:63,(anonymous_2)
FN:98,(anonymous_3)
FN:103,(anonymous_4)
FN:110,(anonymous_5)
FNF:6
FNH:1
FNDA:9,(anonymous_0)
FNDA:0,(anonymous_1)
FNDA:0,(anonymous_2)
FNDA:0,(anonymous_3)
FNDA:0,(anonymous_4)
FNDA:0,(anonymous_5)
DA:14,6
DA:21,6
DA:32,9
DA:33,9
DA:37,9
DA:39,9
DA:41,9
DA:50,9
DA:51,0
DA:54,9
DA:56,9
DA:57,0
DA:58,0
DA:60,0
DA:63,9
DA:64,0
DA:67,9
DA:98,0
DA:103,0
DA:110,0
LF:20
LH:12
BRDA:14,0,0,0
BRDA:14,0,1,6
BRDA:50,1,0,0
BRDA:50,1,1,9
BRDA:50,2,0,9
BRDA:50,2,1,0
BRDA:70,3,0,9
BRDA:70,3,1,0
BRDA:71,4,0,9
BRDA:71,4,1,8
BRDA:73,5,0,8
BRDA:73,5,1,8
BRDA:77,6,0,9
BRDA:77,6,1,7
BRDA:79,7,0,7
BRDA:79,7,1,7
BRDA:83,8,0,9
BRDA:83,8,1,2
BRDA:85,9,0,2
BRDA:85,9,1,2
BRDA:85,10,0,2
BRDA:85,10,1,0
BRDA:90,11,0,9
BRDA:90,11,1,0
BRDA:97,12,0,9
BRDA:97,12,1,0
BRF:26
BRH:19
end_of_record
TN:
SF:src/components/felles/RHFCheckboksPanelGruppe.tsx
FN:8,(anonymous_0)
FN:10,(anonymous_1)
FN:19,(anonymous_2)
FN:32,(anonymous_3)
FN:38,(anonymous_4)
FN:45,(anonymous_5)
FN:62,(anonymous_6)
FN:70,(anonymous_7)
FN:80,(anonymous_8)
FN:95,(anonymous_9)
FN:108,(anonymous_10)
FN:113,(anonymous_11)
FN:120,(anonymous_12)
FNF:13
FNH:3
FNDA:0,(anonymous_0)
FNDA:0,(anonymous_1)
FNDA:3,(anonymous_2)
FNDA:3,(anonymous_3)
FNDA:12,(anonymous_4)
FNDA:0,(anonymous_5)
FNDA:0,(anonymous_6)
FNDA:0,(anonymous_7)
FNDA:0,(anonymous_8)
FNDA:0,(anonymous_9)
FNDA:0,(anonymous_10)
FNDA:0,(anonymous_11)
FNDA:0,(anonymous_12)
DA:8,4
DA:9,0
DA:10,0
DA:19,4
DA:20,3
DA:22,3
DA:24,3
DA:25,3
DA:27,3
DA:33,3
DA:39,12
DA:45,0
DA:62,4
DA:63,0
DA:65,0
DA:71,0
DA:80,0
DA:95,4
DA:96,0
DA:98,0
DA:100,0
DA:101,0
DA:103,0
DA:109,0
DA:114,0
DA:120,0
LF:26
LH:11
BRDA:9,0,0,0
BRDA:9,0,1,0
BRDA:11,1,0,0
BRDA:11,1,1,0
BRDA:79,2,0,0
BRDA:79,2,1,0
BRF:6
BRH:0
end_of_record
TN:
SF:src/components/felles/RHFInput.tsx
FN:26,(anonymous_0)
FN:42,(anonymous_1)
FN:58,(anonymous_2)
FN:72,(anonymous_3)
FN:80,(anonymous_4)
FN:95,(anonymous_5)
FN:100,(anonymous_6)
FN:109,(anonymous_7)
FN:124,(anonymous_8)
FN:138,(anonymous_9)
FN:149,(anonymous_10)
FN:161,(anonymous_11)
FN:166,(anonymous_12)
FN:177,(anonymous_13)
FN:192,(anonymous_14)
FN:197,(anonymous_15)
FN:206,(anonymous_16)
FN:217,(anonymous_17)
FN:227,(anonymous_18)
FN:228,(anonymous_19)
FN:234,(anonymous_20)
FN:245,(anonymous_21)
FN:259,(anonymous_22)
FN:260,(anonymous_23)
FN:265,(anonymous_24)
FN:274,(anonymous_25)
FN:288,(anonymous_26)
FN:289,(anonymous_27)
FN:294,(anonymous_28)
FN:303,(anonymous_29)
FN:314,(anonymous_30)
FN:323,(anonymous_31)
FN:328,(anonymous_32)
FNF:33
FNH:8
FNDA:25,(anonymous_0)
FNDA:25,(anonymous_1)
FNDA:0,(anonymous_2)
FNDA:0,(anonymous_3)
FNDA:0,(anonymous_4)
FNDA:0,(anonymous_5)
FNDA:0,(anonymous_6)
FNDA:0,(anonymous_7)
FNDA:0,(anonymous_8)
FNDA:3,(anonymous_9)
FNDA:0,(anonymous_10)
FNDA:3,(anonymous_11)
FNDA:0,(anonymous_12)
FNDA:1,(anonymous_13)
FNDA:1,(anonymous_14)
FNDA:0,(anonymous_15)
FNDA:1,(anonymous_16)
FNDA:0,(anonymous_17)
FNDA:0,(anonymous_18)
FNDA:1,(anonymous_19)
FNDA:0,(anonymous_20)
FNDA:0,(anonymous_21)
FNDA:0,(anonymous_22)
FNDA:0,(anonymous_23)
FNDA:0,(anonymous_24)
FNDA:0,(anonymous_25)
FNDA:0,(anonymous_26)
FNDA:0,(anonymous_27)
FNDA:0,(anonymous_28)
FNDA:0,(anonymous_29)
FNDA:0,(anonymous_30)
FNDA:0,(anonymous_31)
FNDA:0,(anonymous_32)
DA:26,5
DA:27,25
DA:31,25
DA:33,25
DA:35,25
DA:37,25
DA:43,25
DA:58,5
DA:59,0
DA:61,0
DA:62,0
DA:63,0
DA:64,0
DA:66,0
DA:69,0
DA:72,5
DA:73,0
DA:75,0
DA:77,0
DA:80,5
DA:81,0
DA:85,0
DA:87,0
DA:88,0
DA:90,0
DA:96,0
DA:100,0
DA:109,5
DA:110,0
DA:114,0
DA:116,0
DA:117,0
DA:119,0
DA:125,0
DA:138,5
DA:139,3
DA:143,3
DA:145,3
DA:146,3
DA:147,3
DA:149,3
DA:150,0
DA:156,3
DA:162,3
DA:167,0
DA:177,5
DA:178,1
DA:182,1
DA:184,1
DA:185,1
DA:187,1
DA:193,1
DA:197,0
DA:206,5
DA:207,1
DA:211,1
DA:213,1
DA:215,1
DA:217,1
DA:218,0
DA:220,0
DA:223,1
DA:227,0
DA:229,1
DA:235,0
DA:245,5
DA:246,0
DA:250,0
DA:252,0
DA:253,0
DA:255,0
DA:259,0
DA:261,0
DA:265,0
DA:274,5
DA:275,0
DA:279,0
DA:281,0
DA:282,0
DA:284,0
DA:288,0
DA:290,0
DA:294,0
DA:303,5
DA:304,0
DA:308,0
DA:310,0
DA:311,0
DA:313,0
DA:314,0
DA:315,0
DA:318,0
DA:324,0
DA:329,0
LF:94
LH:38
BRDA:46,0,0,25
BRDA:46,0,1,4
BRDA:61,1,0,0
BRDA:61,1,1,0
BRDA:63,2,0,0
BRDA:63,2,1,0
BRDA:64,3,0,0
BRDA:64,3,1,0
BRDA:72,4,0,0
BRDA:77,5,0,0
BRDA:77,5,1,0
BRDA:98,6,0,0
BRDA:98,6,1,0
BRDA:127,7,0,0
BRDA:127,7,1,0
BRDA:151,8,0,0
BRDA:151,8,1,0
BRDA:151,8,2,0
BRDA:151,8,3,0
BRDA:165,9,0,3
BRDA:165,9,1,0
BRDA:167,10,0,0
BRDA:167,10,1,0
BRDA:196,11,0,1
BRDA:196,11,1,1
BRDA:220,12,0,0
BRDA:220,12,1,0
BRDA:233,13,0,1
BRDA:233,13,1,1
BRDA:235,14,0,0
BRDA:235,14,1,0
BRDA:264,15,0,0
BRDA:264,15,1,0
BRDA:293,16,0,0
BRDA:293,16,1,0
BRDA:315,17,0,0
BRDA:315,17,1,0
BRDA:315,17,2,0
BRDA:315,17,3,0
BRDA:327,18,0,0
BRDA:327,18,1,0
BRDA:329,19,0,0
BRDA:329,19,1,0
BRF:43
BRH:7
end_of_record
TN:
SF:src/components/felles/RHFRadio.tsx
FN:12,(anonymous_0)
FN:34,(anonymous_1)
FN:59,(anonymous_2)
FN:68,(anonymous_3)
FN:84,(anonymous_4)
FN:99,(anonymous_5)
FN:108,(anonymous_6)
FNF:7
FNH:5
FNDA:25,(anonymous_0)
FNDA:25,(anonymous_1)
FNDA:25,(anonymous_2)
FNDA:0,(anonymous_3)
FNDA:10,(anonymous_4)
FNDA:10,(anonymous_5)
FNDA:0,(anonymous_6)
DA:12,6
DA:23,25
DA:24,25
DA:29,25
DA:31,25
DA:34,6
DA:45,25
DA:49,25
DA:51,25
DA:52,25
DA:53,25
DA:60,25
DA:68,0
DA:84,6
DA:85,10
DA:89,10
DA:91,10
DA:93,10
DA:100,10
DA:108,0
LF:20
LH:18
BRDA:29,0,0,8
BRDA:29,0,1,17
BRDA:62,1,0,25
BRDA:62,1,1,0
BRDA:103,2,0,10
BRDA:103,2,1,0
BRF:6
BRH:4
end_of_record
TN:
SF:src/components/felles/RHFSelect.tsx
FN:23,(anonymous_0)
FN:37,(anonymous_1)
FN:42,(anonymous_2)
FN:48,(anonymous_3)
FNF:4
FNH:3
FNDA:3,(anonymous_0)
FNDA:3,(anonymous_1)
FNDA:0,(anonymous_2)
FNDA:12,(anonymous_3)
DA:23,1
DA:24,3
DA:26,3
DA:28,3
DA:29,3
DA:31,3
DA:38,3
DA:42,0
DA:49,12
LF:9
LH:8
BRDA:40,0,0,3
BRDA:40,0,1,0
BRDA:41,1,0,3
BRDA:41,1,1,0
BRF:4
BRH:2
end_of_record
TN:
SF:src/components/felles/SkjemaGruppering.tsx
FN:5,(anonymous_0)
FNF:1
FNH:1
FNDA:26,(anonymous_0)
DA:5,6
DA:6,26
LF:2
LH:2
BRF:0
BRH:0
end_of_record
TN:
SF:src/components/felles/Stegviser.tsx
FN:7,(anonymous_0)
FN:12,(anonymous_1)
FN:18,(anonymous_2)
FN:18,(anonymous_3)
FNF:4
FNH:4
FNDA:6,(anonymous_0)
FNDA:36,(anonymous_1)
FNDA:6,(anonymous_2)
FNDA:21,(anonymous_3)
DA:7,1
DA:8,6
DA:9,6
DA:10,6
DA:12,6
DA:13,36
DA:16,6
DA:18,21
DA:20,6
LF:9
LH:9
BRDA:16,0,0,6
BRDA:16,0,1,0
BRF:2
BRH:1
end_of_record
TN:
SF:src/components/soknad/FortsettSoeknadModal.tsx
FN:12,(anonymous_0)
FN:17,(anonymous_1)
FN:33,(anonymous_2)
FN:39,(anonymous_3)
FN:40,(anonymous_4)
FN:50,(anonymous_5)
FNF:6
FNH:0
FNDA:0,(anonymous_0)
FNDA:0,(anonymous_1)
FNDA:0,(anonymous_2)
FNDA:0,(anonymous_3)
FNDA:0,(anonymous_4)
FNDA:0,(anonymous_5)
DA:12,0
DA:13,0
DA:14,0
DA:15,0
DA:17,0
DA:18,0
DA:19,0
DA:20,0
DA:21,0
DA:22,0
DA:23,0
DA:24,0
DA:25,0
DA:26,0
DA:27,0
DA:29,0
DA:33,0
DA:34,0
DA:35,0
DA:36,0
DA:39,0
DA:40,0
DA:41,0
DA:42,0
DA:43,0
DA:47,0
LF:26
LH:0
BRDA:18,0,0,0
BRDA:18,0,1,0
BRDA:20,1,0,0
BRDA:20,1,1,0
BRDA:22,2,0,0
BRDA:22,2,1,0
BRDA:24,3,0,0
BRDA:24,3,1,0
BRDA:26,4,0,0
BRDA:26,4,1,0
BRF:10
BRH:0
end_of_record
TN:
SF:src/components/soknad/Soeknad.tsx
FN:10,(anonymous_0)
FNF:1
FNH:0
FNDA:0,(anonymous_0)
DA:10,0
DA:11,0
DA:13,0
LF:3
LH:0
BRDA:17,0,0,0
BRDA:17,0,1,0
BRF:2
BRH:0
end_of_record
TN:
SF:src/components/soknad/SoknadDialog.tsx
FN:13,(anonymous_0)
FN:22,(anonymous_1)
FN:24,(anonymous_2)
FN:31,(anonymous_3)
FN:32,(anonymous_4)
FN:39,(anonymous_5)
FN:40,(anonymous_6)
FN:41,(anonymous_7)
FN:42,(anonymous_8)
FN:43,(anonymous_9)
FN:44,(anonymous_10)
FNF:11
FNH:0
FNDA:0,(anonymous_0)
FNDA:0,(anonymous_1)
FNDA:0,(anonymous_2)
FNDA:0,(anonymous_3)
FNDA:0,(anonymous_4)
FNDA:0,(anonymous_5)
FNDA:0,(anonymous_6)
FNDA:0,(anonymous_7)
FNDA:0,(anonymous_8)
FNDA:0,(anonymous_9)
FNDA:0,(anonymous_10)
DA:13,0
DA:14,0
DA:16,0
DA:17,0
DA:18,0
DA:20,0
DA:22,0
DA:23,0
DA:24,0
DA:26,0
DA:28,0
DA:31,0
DA:32,0
DA:34,0
DA:39,0
DA:40,0
DA:41,0
DA:42,0
DA:43,0
DA:44,0
LF:20
LH:0
BRDA:23,0,0,0
BRDA:23,0,1,0
BRF:2
BRH:0
end_of_record
TN:
SF:src/components/soknad/SoknadForside.tsx
FN:16,(anonymous_0)
FN:27,(anonymous_1)
FN:128,(anonymous_2)
FNF:3
FNH:2
FNDA:11,(anonymous_0)
FNDA:0,(anonymous_1)
FNDA:1,(anonymous_2)
DA:16,1
DA:17,11
DA:18,10
DA:19,10
DA:21,10
DA:23,10
DA:25,10
DA:27,10
DA:28,0
DA:29,0
DA:30,0
DA:33,10
DA:36,10
DA:41,10
DA:129,1
LF:15
LH:12
BRDA:36,0,0,0
BRDA:36,0,1,10
BRDA:136,1,0,10
BRDA:136,1,1,2
BRDA:136,1,2,2
BRF:5
BRH:4
end_of_record
TN:
SF:src/components/soknad/SoknadKvittering.tsx
FN:11,(anonymous_0)
FN:16,(anonymous_1)
FN:138,(anonymous_2)
FNF:3
FNH:2
FNDA:1,(anonymous_0)
FNDA:1,(anonymous_1)
FNDA:0,(anonymous_2)
DA:11,1
DA:12,1
DA:13,1
DA:14,1
DA:16,1
DA:17,1
DA:20,1
DA:138,0
LF:8
LH:7
BRF:0
BRH:0
end_of_record
TN:
SF:src/components/soknad/1-omdeg/InnloggetBruker.tsx
FN:9,(anonymous_0)
FNF:1
FNH:1
FNDA:1,(anonymous_0)
DA:9,1
DA:10,1
DA:12,1
DA:14,1
DA:16,0
LF:5
LH:4
BRDA:14,0,0,1
BRDA:14,0,1,0
BRDA:41,1,0,0
BRDA:41,1,1,0
BRDA:42,2,0,0
BRDA:42,2,1,0
BRF:6
BRH:1
end_of_record
TN:
SF:src/components/soknad/1-omdeg/OmDeg.tsx
FN:25,(anonymous_0)
FN:30,(anonymous_1)
FN:40,(anonymous_2)
FN:147,(anonymous_3)
FNF:4
FNH:1
FNDA:1,(anonymous_0)
FNDA:0,(anonymous_1)
FNDA:0,(anonymous_2)
FNDA:0,(anonymous_3)
DA:25,1
DA:26,1
DA:27,1
DA:28,1
DA:30,1
DA:31,0
DA:32,0
DA:35,1
DA:40,1
DA:41,0
DA:48,1
DA:50,1
DA:52,1
DA:53,1
DA:54,1
DA:56,1
DA:148,0
LF:17
LH:13
BRDA:36,0,0,1
BRDA:36,0,1,0
BRDA:77,1,0,1
BRDA:77,1,1,0
BRDA:116,2,0,1
BRDA:116,2,1,0
BRDA:128,3,0,1
BRDA:128,3,1,0
BRDA:152,4,0,0
BRDA:152,4,1,0
BRDA:161,5,0,0
BRDA:161,5,1,0
BRDA:166,6,0,1
BRDA:166,6,1,0
BRF:14
BRH:5
end_of_record
TN:
SF:src/components/soknad/1-omdeg/utenlandskBankInfo/UtenlandskBankInfo.tsx
FN:8,(anonymous_0)
FNF:1
FNH:0
FNDA:0,(anonymous_0)
DA:8,1
DA:9,0
DA:11,0
LF:3
LH:1
BRF:0
BRH:0
end_of_record
TN:
SF:src/components/soknad/2-omdegogavdoed/OmDegOgAvdoed.tsx
FN:20,(anonymous_0)
FN:24,(anonymous_1)
FN:34,(anonymous_2)
FNF:3
FNH:1
FNDA:1,(anonymous_0)
FNDA:0,(anonymous_1)
FNDA:0,(anonymous_2)
DA:20,1
DA:21,1
DA:22,1
DA:24,1
DA:25,0
DA:26,0
DA:29,1
DA:34,1
DA:35,0
DA:41,1
DA:43,1
LF:11
LH:8
BRDA:30,0,0,1
BRDA:30,0,1,0
BRF:2
BRH:1
end_of_record
TN:
SF:src/components/soknad/2-omdegogavdoed/forholdTilAvdoede/ForholdTilAvdoedeSkjema.tsx
FN:11,(anonymous_0)
FN:23,(anonymous_1)
FNF:2
FNH:2
FNDA:6,(anonymous_0)
FNDA:30,(anonymous_1)
DA:11,2
DA:12,6
DA:14,6
DA:16,6
DA:18,6
DA:24,30
LF:6
LH:6
BRDA:28,0,0,6
BRDA:28,0,1,1
BRDA:30,1,0,6
BRDA:30,1,1,1
BRDA:32,2,0,6
BRDA:32,2,1,1
BRDA:34,3,0,6
BRDA:34,3,1,1
BRDA:36,4,0,6
BRDA:36,4,1,1
BRF:10
BRH:10
end_of_record
TN:
SF:src/components/soknad/2-omdegogavdoed/forholdTilAvdoede/GiftMedAvdoede.tsx
FN:11,(anonymous_0)
FNF:1
FNH:1
FNDA:2,(anonymous_0)
DA:11,2
DA:12,2
DA:14,2
DA:16,2
DA:17,2
DA:19,2
DA:20,2
DA:22,2
LF:8
LH:8
BRDA:17,0,0,0
BRDA:17,0,1,2
BRDA:28,1,0,2
BRDA:28,1,1,2
BRDA:31,2,0,2
BRDA:31,2,1,0
BRDA:38,3,0,0
BRDA:38,3,1,0
BRF:8
BRH:4
end_of_record
TN:
SF:src/components/soknad/2-omdegogavdoed/forholdTilAvdoede/SamboerMedAvdoede.tsx
FN:11,(anonymous_0)
FNF:1
FNH:1
FNDA:1,(anonymous_0)
DA:11,2
DA:12,1
DA:14,1
DA:16,1
DA:17,1
DA:18,1
DA:19,1
DA:21,1
DA:23,1
LF:9
LH:9
BRDA:21,0,0,0
BRDA:21,0,1,1
BRDA:30,1,0,1
BRDA:30,1,1,1
BRDA:37,2,0,1
BRDA:37,2,1,0
BRDA:43,3,0,0
BRDA:43,3,1,0
BRDA:47,4,0,0
BRDA:47,4,1,0
BRF:10
BRH:4
end_of_record
TN:
SF:src/components/soknad/2-omdegogavdoed/forholdTilAvdoede/SkiltFraAvdoede.tsx
FN:11,(anonymous_0)
FN:18,(anonymous_1)
FN:26,(anonymous_2)
FN:34,(anonymous_3)
FNF:4
FNH:4
FNDA:1,(anonymous_0)
FNDA:1,(anonymous_1)
FNDA:1,(anonymous_2)
FNDA:1,(anonymous_3)
DA:11,2
DA:12,1
DA:13,1
DA:14,0
DA:16,1
DA:18,2
DA:19,1
DA:20,1
DA:21,1
DA:23,0
DA:26,2
DA:27,1
DA:28,1
DA:29,1
DA:31,0
DA:34,2
DA:35,1
DA:37,1
DA:39,1
DA:40,1
DA:41,1
DA:43,1
DA:45,1
DA:46,1
DA:47,1
DA:49,1
LF:26
LH:23
BRDA:12,0,0,1
BRDA:12,0,1,1
BRDA:13,1,0,0
BRDA:13,1,1,1
BRDA:19,2,0,1
BRDA:19,2,1,1
BRDA:20,3,0,1
BRDA:20,3,1,0
BRDA:27,4,0,1
BRDA:27,4,1,1
BRDA:28,5,0,1
BRDA:28,5,1,0
BRDA:56,6,0,1
BRDA:56,6,1,1
BRDA:64,7,0,1
BRDA:64,7,1,1
BRDA:73,8,0,1
BRDA:73,8,1,1
BRDA:73,8,2,1
BRDA:82,9,0,0
BRDA:82,9,1,1
BRDA:82,10,0,1
BRDA:82,10,1,0
BRDA:82,10,2,1
BRDA:82,10,3,1
BRDA:82,10,4,0
BRF:26
BRH:20
end_of_record
TN:
SF:src/components/soknad/2-omdegogavdoed/forholdTilAvdoede/TidligereSamboerMedAvdoede.tsx
FN:11,(anonymous_0)
FNF:1
FNH:1
FNDA:1,(anonymous_0)
DA:11,2
DA:12,1
DA:14,1
DA:16,1
DA:17,1
DA:18,1
DA:19,1
DA:21,1
DA:23,1
LF:9
LH:9
BRDA:30,0,0,1
BRDA:30,0,1,1
BRDA:38,1,0,1
BRDA:38,1,1,1
BRDA:47,2,0,1
BRDA:47,2,1,1
BRDA:52,3,0,1
BRDA:52,3,1,0
BRF:8
BRH:7
end_of_record
TN:
SF:src/components/soknad/2-omdegogavdoed/nySivilstatus/NySivilstatus.tsx
FN:10,(anonymous_0)
FN:27,(anonymous_1)
FNF:2
FNH:2
FNDA:1,(anonymous_0)
FNDA:3,(anonymous_1)
DA:10,1
DA:11,1
DA:13,1
DA:15,1
DA:17,1
DA:28,3
LF:6
LH:6
BRDA:32,0,0,1
BRDA:32,0,1,0
BRF:2
BRH:1
end_of_record
TN:
SF:src/components/soknad/2-omdegogavdoed/nySivilstatus/SamboerSkjema.tsx
FN:12,(anonymous_0)
FN:48,(anonymous_1)
FN:67,(anonymous_2)
FNF:3
FNH:0
FNDA:0,(anonymous_0)
FNDA:0,(anonymous_1)
FNDA:0,(anonymous_2)
DA:12,1
DA:13,0
DA:15,0
DA:17,0
DA:18,0
DA:20,0
DA:48,0
DA:68,0
LF:8
LH:1
BRDA:56,0,0,0
BRDA:56,0,1,0
BRDA:63,1,0,0
BRDA:63,1,1,0
BRF:4
BRH:0
end_of_record
TN:
SF:src/components/soknad/3-avdod/OmDenAvdode.tsx
FN:20,(anonymous_0)
FN:29,(anonymous_1)
FN:39,(anonymous_2)
FNF:3
FNH:1
FNDA:1,(anonymous_0)
FNDA:0,(anonymous_1)
FNDA:0,(anonymous_2)
DA:20,1
DA:21,1
DA:22,1
DA:24,1
DA:29,1
DA:30,0
DA:37,1
DA:39,1
DA:40,0
DA:41,0
DA:44,1
DA:45,1
DA:47,1
LF:13
LH:10
BRDA:25,0,0,1
BRDA:25,0,1,0
BRDA:58,1,0,1
BRDA:58,1,1,1
BRDA:62,2,0,1
BRDA:62,2,1,1
BRDA:98,3,0,1
BRDA:98,3,1,0
BRDA:134,4,0,1
BRDA:134,4,1,0
BRF:10
BRH:7
end_of_record
TN:
SF:src/components/soknad/3-avdod/fragmenter/BoddEllerArbeidetUtland.tsx
FN:20,(anonymous_0)
FN:33,(anonymous_1)
FN:53,(anonymous_2)
FN:129,(anonymous_3)
FN:137,(anonymous_4)
FNF:5
FNH:2
FNDA:2,(anonymous_0)
FNDA:2,(anonymous_1)
FNDA:0,(anonymous_2)
FNDA:0,(anonymous_3)
FNDA:0,(anonymous_4)
DA:20,1
DA:21,2
DA:23,2
DA:25,2
DA:27,2
DA:33,2
DA:34,2
DA:35,1
DA:39,2
DA:54,0
DA:129,0
DA:137,0
LF:12
LH:9
BRDA:34,0,0,1
BRDA:34,0,1,1
BRDA:51,1,0,2
BRDA:51,1,1,0
BRDA:127,2,0,0
BRDA:127,2,1,0
BRF:6
BRH:3
end_of_record
TN:
SF:src/components/soknad/4-din-situasjon/DinSituasjon.tsx
FN:21,(anonymous_0)
FN:31,(anonymous_1)
FN:41,(anonymous_2)
FN:64,(anonymous_3)
FNF:4
FNH:3
FNDA:3,(anonymous_0)
FNDA:1,(anonymous_1)
FNDA:0,(anonymous_2)
FNDA:12,(anonymous_3)
DA:21,1
DA:22,3
DA:24,3
DA:26,3
DA:31,3
DA:32,1
DA:39,3
DA:41,3
DA:42,0
DA:43,0
DA:46,3
DA:47,3
DA:65,12
LF:13
LH:11
BRDA:27,0,0,3
BRDA:27,0,1,0
BRDA:69,1,0,3
BRDA:69,1,1,3
BRDA:69,1,2,3
BRDA:73,2,0,3
BRDA:73,2,1,0
BRDA:75,3,0,3
BRDA:75,3,1,0
BRF:9
BRH:6
end_of_record
TN:
SF:src/components/soknad/4-din-situasjon/fragmenter/AndreYtelser.tsx
FN:12,(anonymous_0)
FNF:1
FNH:1
FNDA:3,(anonymous_0)
DA:12,1
DA:13,3
DA:15,3
DA:17,3
DA:18,3
DA:19,3
DA:21,3
LF:7
LH:7
BRDA:35,0,0,3
BRDA:35,0,1,3
BRDA:51,1,0,3
BRDA:51,1,1,3
BRDA:70,2,0,3
BRDA:70,2,1,3
BRF:6
BRH:6
end_of_record
TN:
SF:src/components/soknad/4-din-situasjon/fragmenter/Arbeidstaker.tsx
FN:9,(anonymous_0)
FN:20,(anonymous_1)
FN:32,(anonymous_2)
FN:36,(anonymous_3)
FNF:4
FNH:3
FNDA:3,(anonymous_0)
FNDA:3,(anonymous_1)
FNDA:3,(anonymous_2)
FNDA:0,(anonymous_3)
DA:9,1
DA:10,3
DA:12,3
DA:14,3
DA:20,3
DA:21,3
DA:22,0
DA:26,3
DA:33,3
DA:36,0
LF:10
LH:8
BRDA:21,0,0,0
BRDA:21,0,1,3
BRF:2
BRH:1
end_of_record
TN:
SF:src/components/soknad/4-din-situasjon/fragmenter/ArbeidstakerInfokort.tsx
FN:19,(anonymous_0)
FN:79,(anonymous_1)
FNF:2
FNH:1
FNDA:3,(anonymous_0)
FNDA:0,(anonymous_1)
DA:19,1
DA:20,3
DA:22,3
DA:23,3
DA:25,3
DA:79,0
LF:6
LH:5
BRDA:67,0,0,3
BRDA:67,0,1,3
BRDA:77,1,0,3
BRDA:77,1,1,0
BRF:4
BRH:3
end_of_record
TN:
SF:src/components/soknad/4-din-situasjon/fragmenter/HoeyesteUtdanning.tsx
FN:11,(anonymous_0)
FN:26,(anonymous_1)
FNF:2
FNH:2
FNDA:3,(anonymous_0)
FNDA:21,(anonymous_1)
DA:11,1
DA:12,3
DA:14,3
DA:16,3
DA:18,3
DA:27,21
LF:6
LH:6
BRDA:31,0,0,3
BRDA:31,0,1,0
BRF:2
BRH:1
end_of_record
TN:
SF:src/components/soknad/4-din-situasjon/fragmenter/NavaerendeArbeidsforhold.tsx
FN:7,(anonymous_0)
FNF:1
FNH:1
FNDA:3,(anonymous_0)
DA:7,1
DA:8,3
DA:9,3
DA:11,3
LF:4
LH:4
BRDA:13,0,0,3
BRDA:13,0,1,3
BRDA:15,1,0,3
BRDA:15,1,1,0
BRF:4
BRH:3
end_of_record
TN:
SF:src/components/soknad/4-din-situasjon/fragmenter/Selvstendig.tsx
FN:9,(anonymous_0)
FN:19,(anonymous_1)
FN:31,(anonymous_2)
FN:35,(anonymous_3)
FNF:4
FNH:0
FNDA:0,(anonymous_0)
FNDA:0,(anonymous_1)
FNDA:0,(anonymous_2)
FNDA:0,(anonymous_3)
DA:9,1
DA:10,0
DA:11,0
DA:13,0
DA:19,0
DA:20,0
DA:21,0
DA:25,0
DA:32,0
DA:35,0
LF:10
LH:1
BRDA:20,0,0,0
BRDA:20,0,1,0
BRF:2
BRH:0
end_of_record
TN:
SF:src/components/soknad/4-din-situasjon/fragmenter/SelvstendigInfokort.tsx
FN:17,(anonymous_0)
FN:61,(anonymous_1)
FNF:2
FNH:0
FNDA:0,(anonymous_0)
FNDA:0,(anonymous_1)
DA:17,1
DA:18,0
DA:20,0
DA:21,0
DA:23,0
DA:61,0
LF:6
LH:1
BRDA:48,0,0,0
BRDA:48,0,1,0
BRDA:59,1,0,0
BRDA:59,1,1,0
BRF:4
BRH:0
end_of_record
TN:
SF:src/components/soknad/4-din-situasjon/fragmenter/UnderUtdanning.tsx
FN:9,(anonymous_0)
FNF:1
FNH:0
FNDA:0,(anonymous_0)
DA:9,1
DA:10,0
DA:11,0
DA:13,0
LF:4
LH:1
BRF:0
BRH:0
end_of_record
TN:
SF:src/components/soknad/5-barn/BarnInfokort.tsx
FN:15,(anonymous_0)
FN:69,(anonymous_1)
FNF:2
FNH:1
FNDA:1,(anonymous_0)
FNDA:0,(anonymous_1)
DA:15,2
DA:16,1
DA:18,1
DA:20,1
DA:69,0
LF:5
LH:4
BRDA:59,0,0,0
BRDA:59,0,1,1
BRDA:63,1,0,1
BRDA:63,1,1,0
BRF:4
BRH:2
end_of_record
TN:
SF:src/components/soknad/5-barn/LeggTilBarnSkjema.tsx
FN:22,(anonymous_0)
FN:36,(anonymous_1)
FN:49,(anonymous_2)
FN:133,(anonymous_3)
FNF:4
FNH:0
FNDA:0,(anonymous_0)
FNDA:0,(anonymous_1)
FNDA:0,(anonymous_2)
FNDA:0,(anonymous_3)
DA:22,1
DA:23,0
DA:25,0
DA:34,0
DA:36,0
DA:37,0
DA:38,0
DA:41,0
DA:42,0
DA:43,0
DA:44,0
DA:45,0
DA:46,0
DA:47,0
DA:49,0
DA:50,0
DA:51,0
DA:52,0
DA:55,0
DA:58,0
DA:134,0
LF:21
LH:1
BRDA:50,0,0,0
BRDA:50,0,1,0
BRDA:50,1,0,0
BRDA:50,1,1,0
BRDA:107,2,0,0
BRDA:107,2,1,0
BRDA:138,3,0,0
BRDA:138,3,1,0
BRDA:138,3,2,0
BRDA:146,4,0,0
BRDA:146,4,1,0
BRDA:178,5,0,0
BRDA:178,5,1,0
BRDA:185,6,0,0
BRDA:185,6,1,0
BRDA:196,7,0,0
BRDA:196,7,1,0
BRDA:210,8,0,0
BRDA:210,8,1,0
BRDA:224,9,0,0
BRDA:224,9,1,0
BRDA:224,9,2,0
BRF:22
BRH:0
end_of_record
TN:
SF:src/components/soknad/5-barn/OpplysningerOmBarn.tsx
FN:22,(anonymous_0)
FN:30,(anonymous_1)
FN:42,(anonymous_2)
FN:47,(anonymous_3)
FN:73,(anonymous_4)
FN:83,(anonymous_5)
FN:95,(anonymous_6)
FN:96,(anonymous_7)
FNF:8
FNH:1
FNDA:1,(anonymous_0)
FNDA:0,(anonymous_1)
FNDA:0,(anonymous_2)
FNDA:0,(anonymous_3)
FNDA:0,(anonymous_4)
FNDA:0,(anonymous_5)
FNDA:0,(anonymous_6)
FNDA:0,(anonymous_7)
DA:20,1
DA:22,1
DA:23,1
DA:24,1
DA:26,1
DA:30,1
DA:31,0
DA:34,1
DA:40,1
DA:42,1
DA:43,0
DA:44,0
DA:47,1
DA:48,0
DA:49,0
DA:52,1
DA:54,1
DA:74,0
DA:83,0
DA:95,0
DA:96,0
LF:21
LH:12
BRDA:20,0,0,0
BRDA:20,0,1,1
BRDA:27,1,0,1
BRDA:27,1,1,0
BRF:4
BRH:2
end_of_record
TN:
SF:src/components/soknad/6-oppsummering/AccordionItem.tsx
FN:4,(anonymous_0)
FN:9,(anonymous_1)
FNF:2
FNH:2
FNDA:3,(anonymous_0)
FNDA:1,(anonymous_1)
DA:4,1
DA:5,3
DA:7,3
DA:9,1
LF:4
LH:4
BRDA:4,0,0,0
BRF:1
BRH:0
end_of_record
TN:
SF:src/components/soknad/6-oppsummering/Oppsummering.tsx
FN:17,(anonymous_0)
FN:30,(anonymous_1)
FN:36,(anonymous_2)
FN:43,(anonymous_3)
FN:47,(anonymous_4)
FNF:5
FNH:2
FNDA:2,(anonymous_0)
FNDA:1,(anonymous_1)
FNDA:0,(anonymous_2)
FNDA:0,(anonymous_3)
FNDA:0,(anonymous_4)
DA:17,1
DA:18,2
DA:20,2
DA:22,2
DA:23,2
DA:24,2
DA:26,2
DA:27,2
DA:29,2
DA:30,2
DA:31,1
DA:33,0
DA:36,2
DA:37,0
DA:38,0
DA:40,0
DA:42,0
DA:44,0
DA:45,0
DA:48,0
DA:49,0
DA:50,0
DA:54,2
LF:23
LH:13
BRDA:31,0,0,1
BRDA:31,0,1,0
BRDA:31,1,0,1
BRDA:31,1,1,1
BRDA:73,2,0,2
BRDA:73,2,1,0
BRF:6
BRH:4
end_of_record
TN:
SF:src/components/soknad/6-oppsummering/OppsummeringInnhold.tsx
FN:13,(anonymous_0)
FN:16,(anonymous_1)
FN:20,(anonymous_2)
FN:29,(anonymous_3)
FNF:4
FNH:1
FNDA:1,(anonymous_0)
FNDA:0,(anonymous_1)
FNDA:0,(anonymous_2)
FNDA:0,(anonymous_3)
DA:12,1
DA:14,1
DA:16,1
DA:17,0
DA:21,0
DA:26,1
DA:30,0
LF:7
LH:4
BRDA:18,0,0,0
BRDA:18,0,1,0
BRDA:31,1,0,0
BRDA:31,1,1,0
BRDA:39,2,0,0
BRDA:39,2,1,0
BRF:6
BRH:0
end_of_record
TN:
SF:src/components/soknad/6-oppsummering/fragmenter/TekstGruppe.tsx
FN:3,(anonymous_0)
FN:9,(anonymous_1)
FNF:2
FNH:2
FNDA:1,(anonymous_0)
FNDA:1,(anonymous_1)
DA:3,1
DA:4,1
DA:5,1
DA:6,1
DA:9,1
DA:10,1
LF:6
LH:6
BRDA:4,0,0,0
BRDA:4,0,1,1
BRDA:5,1,0,0
BRDA:5,1,1,1
BRF:4
BRH:2
end_of_record
TN:
SF:src/context/ContextProviders.tsx
FN:5,(anonymous_0)
FNF:1
FNH:0
FNDA:0,(anonymous_0)
DA:5,0
DA:6,0
LF:2
LH:0
BRF:0
BRH:0
end_of_record
TN:
SF:src/context/bruker/BrukerContext.tsx
FN:6,(anonymous_0)
FN:21,(anonymous_1)
FN:24,(anonymous_2)
FN:26,(anonymous_3)
FNF:4
FNH:3
FNDA:2,(anonymous_0)
FNDA:0,(anonymous_1)
FNDA:20,(anonymous_2)
FNDA:4,(anonymous_3)
DA:4,10
DA:6,10
DA:7,2
DA:9,1
DA:12,1
DA:15,0
DA:19,10
DA:24,20
DA:26,10
DA:27,4
DA:29,4
LF:11
LH:10
BRDA:7,0,0,1
BRDA:7,0,1,1
BRDA:7,0,2,0
BRF:3
BRH:2
end_of_record
TN:
SF:src/context/bruker/bruker.ts
FNF:0
FNH:0
LF:0
LH:0
BRF:0
BRH:0
end_of_record
TN:
SF:src/context/soknad/SoknadContext.tsx
FN:7,(anonymous_0)
FN:83,(anonymous_1)
FN:86,(anonymous_2)
FN:88,(anonymous_3)
FNF:4
FNH:4
FNDA:4,(anonymous_0)
FNDA:4,(anonymous_1)
FNDA:32,(anonymous_2)
FNDA:9,(anonymous_3)
DA:5,10
DA:7,10
DA:8,4
DA:10,0
DA:12,0
DA:15,1
DA:17,1
DA:23,0
DA:28,1
DA:34,1
DA:40,0
DA:46,0
DA:52,0
DA:58,0
DA:64,0
DA:71,0
DA:77,0
DA:81,10
DA:86,32
DA:88,10
DA:89,9
DA:91,9
LF:22
LH:12
BRDA:8,0,0,0
BRDA:8,0,1,1
BRDA:8,0,2,1
BRDA:8,0,3,0
BRDA:8,0,4,1
BRDA:8,0,5,1
BRDA:8,0,6,0
BRDA:8,0,7,0
BRDA:8,0,8,0
BRDA:8,0,9,0
BRDA:8,0,10,0
BRDA:8,0,11,0
BRDA:8,0,12,0
BRF:13
BRH:4
end_of_record
TN:
SF:src/context/soknad/soknad.ts
FNF:0
FNH:0
DA:4,11
LF:1
LH:1
BRF:0
BRH:0
end_of_record
TN:
SF:src/hooks/useEffectOnce.tsx
FN:3,(anonymous_0)
FN:9,(anonymous_1)
FNF:2
FNH:2
FNDA:11,(anonymous_0)
FNDA:11,(anonymous_1)
DA:3,6
DA:7,11
DA:9,11
DA:10,11
DA:11,4
DA:12,4
LF:6
LH:6
BRDA:5,0,0,0
BRDA:10,1,0,4
BRDA:10,1,1,7
BRDA:10,2,0,11
BRDA:10,2,1,6
BRF:5
BRH:4
end_of_record
TN:
SF:src/hooks/useError.tsx
FN:6,(anonymous_0)
FN:10,(anonymous_1)
FN:14,(anonymous_2)
FN:16,(anonymous_3)
FN:25,(anonymous_4)
FNF:5
FNH:3
FNDA:4,(anonymous_0)
FNDA:0,(anonymous_1)
FNDA:3,(anonymous_2)
FNDA:0,(anonymous_3)
FNDA:1,(anonymous_4)
DA:5,2
DA:6,2
DA:7,4
DA:8,4
DA:10,4
DA:11,0
DA:14,4
DA:15,3
DA:16,3
DA:17,0
DA:19,3
DA:25,4
DA:26,1
DA:29,4
LF:14
LH:12
BRF:0
BRH:0
end_of_record
TN:
SF:src/hooks/useInnloggetBruker.ts
FN:10,(anonymous_0)
FN:17,(anonymous_1)
FN:21,(anonymous_2)
FN:34,(anonymous_3)
FN:38,(anonymous_4)
FNF:5
FNH:2
FNDA:2,(anonymous_0)
FNDA:1,(anonymous_1)
FNDA:0,(anonymous_2)
FNDA:0,(anonymous_3)
FNDA:0,(anonymous_4)
DA:10,2
DA:11,2
DA:13,2
DA:14,2
DA:15,2
DA:17,2
DA:18,1
DA:20,1
DA:22,0
DA:23,0
DA:25,0
DA:30,0
DA:31,0
DA:35,0
DA:36,0
DA:38,0
DA:41,2
LF:17
LH:9
BRDA:30,0,0,0
BRDA:30,0,1,0
BRF:2
BRH:0
end_of_record
TN:
SF:src/hooks/useLanguage.tsx
FN:10,(anonymous_0)
FN:15,(anonymous_1)
FN:22,(anonymous_2)
FN:23,(anonymous_3)
FNF:4
FNH:4
FNDA:15,(anonymous_0)
FNDA:6,(anonymous_1)
FNDA:8,(anonymous_2)
FNDA:3,(anonymous_3)
DA:10,3
DA:11,15
DA:15,15
DA:16,6
DA:19,6
DA:22,15
DA:23,8
DA:24,3
DA:25,3
DA:27,8
DA:30,15
LF:11
LH:11
BRDA:19,0,0,6
BRDA:19,0,1,4
BRDA:24,1,0,0
BRDA:24,1,1,3
BRF:4
BRH:3
end_of_record
TN:
SF:src/hooks/useSoeknad.ts
FN:9,(anonymous_0)
FN:19,(anonymous_1)
FN:26,(anonymous_2)
FN:33,(anonymous_3)
FN:38,(anonymous_4)
FN:42,(anonymous_5)
FN:51,(anonymous_6)
FN:52,(anonymous_7)
FNF:8
FNH:0
FNDA:0,(anonymous_0)
FNDA:0,(anonymous_1)
FNDA:0,(anonymous_2)
FNDA:0,(anonymous_3)
FNDA:0,(anonymous_4)
FNDA:0,(anonymous_5)
FNDA:0,(anonymous_6)
FNDA:0,(anonymous_7)
DA:9,0
DA:10,0
DA:12,0
DA:13,0
DA:14,0
DA:17,0
DA:19,0
DA:20,0
DA:22,0
DA:23,0
DA:25,0
DA:27,0
DA:28,0
DA:30,0
DA:34,0
DA:35,0
DA:36,0
DA:38,0
DA:42,0
DA:47,0
DA:48,0
DA:50,0
DA:51,0
DA:53,0
DA:58,0
LF:25
LH:0
BRDA:20,0,0,0
BRDA:20,0,1,0
BRDA:22,1,0,0
BRDA:22,1,1,0
BRDA:27,2,0,0
BRDA:27,2,1,0
BRDA:47,3,0,0
BRDA:47,3,1,0
BRF:8
BRH:0
end_of_record
TN:
SF:src/typer/SoknadSteg.ts
FNF:0
FNH:0
LF:0
LH:0
BRF:0
BRH:0
end_of_record
TN:
SF:src/typer/Spoersmaal.ts
FNF:0
FNH:0
LF:0
LH:0
BRF:0
BRH:0
end_of_record
TN:
SF:src/typer/arbeidsforhold.ts
FNF:0
FNH:0
LF:0
LH:0
BRF:0
BRH:0
end_of_record
TN:
SF:src/typer/person.ts
FNF:0
FNH:0
LF:0
LH:0
BRF:0
BRH:0
end_of_record
TN:
SF:src/typer/situasjon.ts
FNF:0
FNH:0
LF:0
LH:0
BRF:0
BRH:0
end_of_record
TN:
SF:src/typer/steg.ts
FNF:0
FNH:0
DA:19,5
LF:1
LH:1
BRF:0
BRH:0
end_of_record
TN:
SF:src/typer/utbetaling.ts
FNF:0
FNH:0
LF:0
LH:0
BRF:0
BRH:0
end_of_record
TN:
SF:src/typer/ytelser.ts
FNF:0
FNH:0
LF:0
LH:0
BRF:0
BRH:0
end_of_record
TN:
SF:src/utils/ObjectTreeReader.ts
FN:44,(anonymous_0)
FN:49,(anonymous_1)
FN:51,(anonymous_2)
FN:52,(anonymous_3)
FN:68,(anonymous_4)
FN:74,(anonymous_5)
FN:79,(anonymous_6)
FN:84,(anonymous_7)
FNF:8
FNH:1
FNDA:2,(anonymous_0)
FNDA:0,(anonymous_1)
FNDA:0,(anonymous_2)
FNDA:0,(anonymous_3)
FNDA:0,(anonymous_4)
FNDA:0,(anonymous_5)
FNDA:0,(anonymous_6)
FNDA:0,(anonymous_7)
DA:45,2
DA:46,2
DA:50,0
DA:51,0
DA:53,0
DA:55,0
DA:57,0
DA:58,0
DA:60,0
DA:68,2
DA:69,0
DA:71,0
DA:74,2
DA:75,0
DA:76,0
DA:79,2
DA:80,0
DA:81,0
DA:84,2
DA:85,0
DA:86,0
DA:87,0
DA:88,0
DA:90,0
LF:24
LH:6
BRDA:57,0,0,0
BRDA:57,0,1,0
BRDA:57,1,0,0
BRDA:57,1,1,0
BRDA:57,1,2,0
BRDA:69,2,0,0
BRDA:69,2,1,0
BRDA:75,3,0,0
BRDA:75,3,1,0
BRDA:80,4,0,0
BRDA:80,4,1,0
BRDA:85,5,0,0
BRDA:85,5,1,0
BRDA:85,6,0,0
BRDA:85,6,1,0
BRDA:87,7,0,0
BRDA:87,7,1,0
BRF:17
BRH:0
end_of_record
TN:
SF:src/utils/SoeknadMapper.ts
FN:14,(anonymous_0)
FN:19,(anonymous_1)
FN:29,(anonymous_2)
FN:65,(anonymous_3)
FN:77,(anonymous_4)
FN:79,(anonymous_5)
FN:94,(anonymous_6)
FN:119,(anonymous_7)
FN:121,(anonymous_8)
FN:135,(anonymous_9)
FN:169,(anonymous_10)
FN:171,(anonymous_11)
FNF:12
FNH:1
FNDA:2,(anonymous_0)
FNDA:0,(anonymous_1)
FNDA:0,(anonymous_2)
FNDA:0,(anonymous_3)
FNDA:0,(anonymous_4)
FNDA:0,(anonymous_5)
FNDA:0,(anonymous_6)
FNDA:0,(anonymous_7)
FNDA:0,(anonymous_8)
FNDA:0,(anonymous_9)
FNDA:0,(anonymous_10)
FNDA:0,(anonymous_11)
DA:15,2
DA:16,2
DA:20,0
DA:30,0
DA:40,0
DA:66,0
DA:79,0
DA:80,0
DA:89,0
DA:94,0
DA:101,0
DA:121,0
DA:122,0
DA:135,0
DA:136,0
DA:148,0
DA:171,0
DA:172,0
DA:178,0
LF:19
LH:2
BRDA:32,0,0,0
BRDA:32,0,1,0
BRDA:55,1,0,0
BRDA:55,1,1,0
BRDA:79,2,0,0
BRDA:79,2,1,0
BRDA:121,3,0,0
BRDA:121,3,1,0
BRDA:135,4,0,0
BRDA:135,4,1,0
BRDA:171,5,0,0
BRDA:171,5,1,0
BRF:12
BRH:0
end_of_record
TN:
SF:src/utils/alder.ts
FN:4,(anonymous_0)
FN:8,(anonymous_1)
FN:10,(anonymous_2)
FN:12,(anonymous_3)
FNF:4
FNH:4
FNDA:11,(anonymous_0)
FNDA:5,(anonymous_1)
FNDA:3,(anonymous_2)
FNDA:4,(anonymous_3)
DA:1,5
DA:2,5
DA:4,5
DA:5,11
DA:8,5
DA:10,5
DA:12,5
LF:7
LH:7
BRDA:5,0,0,11
BRDA:5,0,1,8
BRF:2
BRH:2
end_of_record
TN:
SF:src/utils/dato.ts
FN:6,(anonymous_0)
FN:10,(anonymous_1)
FN:15,(anonymous_2)
FN:21,(anonymous_3)
FN:35,(anonymous_4)
FNF:5
FNH:3
FNDA:28,(anonymous_0)
FNDA:0,(anonymous_1)
FNDA:0,(anonymous_2)
FNDA:14,(anonymous_3)
FNDA:7,(anonymous_4)
DA:4,10
DA:6,10
DA:7,28
DA:10,10
DA:11,0
DA:15,10
DA:16,0
DA:18,0
DA:21,10
DA:25,14
DA:26,6
DA:28,8
DA:35,10
DA:39,7
DA:41,7
LF:15
LH:12
BRDA:7,0,0,28
BRDA:7,0,1,21
BRDA:25,1,0,6
BRDA:25,1,1,8
BRDA:25,2,0,14
BRDA:25,2,1,8
BRDA:41,3,0,7
BRDA:41,3,1,2
BRF:8
BRH:8
end_of_record
TN:
SF:src/utils/matchers.ts
FNF:0
FNH:0
DA:2,6
DA:4,6
DA:5,6
DA:7,6
DA:8,6
DA:10,6
DA:11,6
LF:7
LH:7
BRF:0
BRH:0
end_of_record
TN:
SF:src/utils/translation.ts
FN:6,(anonymous_0)
FNF:1
FNH:1
FNDA:75,(anonymous_0)
DA:6,8
DA:7,75
DA:9,7
DA:11,7
LF:4
LH:4
BRDA:7,0,0,68
BRDA:7,0,1,7
BRF:2
BRH:2
end_of_record
TN:
SF:src/utils/amplitude/index.ts
FN:11,(anonymous_0)
FN:15,(anonymous_1)
FN:25,(anonymous_2)
FN:32,(anonymous_3)
FN:33,(anonymous_4)
FNF:5
FNH:3
FNDA:12,(anonymous_0)
FNDA:4,(anonymous_1)
FNDA:4,(anonymous_2)
FNDA:0,(anonymous_3)
FNDA:0,(anonymous_4)
DA:11,2
DA:12,12
DA:13,12
DA:15,12
DA:16,4
DA:25,12
DA:26,4
DA:27,0
DA:29,4
DA:32,12
DA:33,0
DA:34,0
DA:35,0
DA:36,0
DA:39,0
DA:43,12
LF:16
LH:10
BRDA:26,0,0,0
BRDA:26,0,1,4
BRDA:35,1,0,0
BRDA:35,1,1,0
BRF:4
BRH:1
end_of_record
